Device =  cuda
Epoch =  0 / 1
Loss =  62.2052640914917
Device =  cuda
Epoch =  0 / 1000
Loss =  tensor(58.8202, grad_fn=<AddBackward0>)
Accuracy =  tensor(0.2644)
Epoch =  1 / 1000
Loss =  tensor(58.7121, grad_fn=<AddBackward0>)
Accuracy =  tensor(0.2240)
Epoch =  2 / 1000
Loss =  tensor(59.9170, grad_fn=<AddBackward0>)
Accuracy =  tensor(0.3102)
Epoch =  3 / 1000
Loss =  tensor(58.9124, grad_fn=<AddBackward0>)
Accuracy =  tensor(0.2514)
Epoch =  4 / 1000
Loss =  tensor(54.0357, grad_fn=<AddBackward0>)
Accuracy =  tensor(0.2665)
Epoch =  5 / 1000
Loss =  tensor(52.2620, grad_fn=<AddBackward0>)
Accuracy =  tensor(0.2854)
Epoch =  6 / 1000
Loss =  tensor(54.2361, grad_fn=<AddBackward0>)
Accuracy =  tensor(0.3155)
Epoch =  7 / 1000
Loss =  tensor(55.9363, grad_fn=<AddBackward0>)
Accuracy =  tensor(0.2927)
Epoch =  8 / 1000
Loss =  tensor(54.4711, grad_fn=<AddBackward0>)
Accuracy =  tensor(0.2580)
Epoch =  9 / 1000
Loss =  tensor(56.9500, grad_fn=<AddBackward0>)
Accuracy =  tensor(0.2496)
Epoch =  10 / 1000
Loss =  tensor(56.0578, grad_fn=<AddBackward0>)
Accuracy =  tensor(0.2839)
Epoch =  11 / 1000
Loss =  tensor(48.9538, grad_fn=<AddBackward0>)
Accuracy =  tensor(0.3525)
Epoch =  12 / 1000
Loss =  tensor(50.6393, grad_fn=<AddBackward0>)
Accuracy =  tensor(0.3767)
Epoch =  13 / 1000
Loss =  tensor(54.1051, grad_fn=<AddBackward0>)
Accuracy =  tensor(0.3250)
Epoch =  14 / 1000
Loss =  tensor(54.5630, grad_fn=<AddBackward0>)
Accuracy =  tensor(0.3589)
Epoch =  15 / 1000
Loss =  tensor(50.0992, grad_fn=<AddBackward0>)
Accuracy =  tensor(0.3560)
Epoch =  16 / 1000
Loss =  tensor(51.4566, grad_fn=<AddBackward0>)
Accuracy =  tensor(0.4017)
Epoch =  17 / 1000
Loss =  tensor(51.4924, grad_fn=<AddBackward0>)
Accuracy =  tensor(0.3556)
Epoch =  18 / 1000
Loss =  tensor(53.1803, grad_fn=<AddBackward0>)
Accuracy =  tensor(0.3879)
Epoch =  19 / 1000
Loss =  tensor(50.1369, grad_fn=<AddBackward0>)
Accuracy =  tensor(0.3983)
Epoch =  20 / 1000
Loss =  tensor(49.7741, grad_fn=<AddBackward0>)
Accuracy =  tensor(0.4045)
Epoch =  21 / 1000
Loss =  tensor(46.7912, grad_fn=<AddBackward0>)
Accuracy =  tensor(0.4924)
Epoch =  22 / 1000
Loss =  tensor(50.0293, grad_fn=<AddBackward0>)
Accuracy =  tensor(0.4502)
Epoch =  23 / 1000
Loss =  tensor(53.2712, grad_fn=<AddBackward0>)
Accuracy =  tensor(0.4516)
Epoch =  24 / 1000
Loss =  tensor(49.7137, grad_fn=<AddBackward0>)
Accuracy =  tensor(0.4714)
Epoch =  25 / 1000
Loss =  tensor(54.0802, grad_fn=<AddBackward0>)
Accuracy =  tensor(0.0378)
Epoch =  26 / 1000
Loss =  tensor(51.6828, grad_fn=<AddBackward0>)
Accuracy =  tensor(0.4243)
Epoch =  27 / 1000
Loss =  tensor(50.3563, grad_fn=<AddBackward0>)
Accuracy =  tensor(0.5090)
Epoch =  28 / 1000
Loss =  tensor(51.9745, grad_fn=<AddBackward0>)
Accuracy =  tensor(0.4337)
Epoch =  29 / 1000
Loss =  tensor(47.8743, grad_fn=<AddBackward0>)
Accuracy =  tensor(0.4828)
Epoch =  30 / 1000
Loss =  tensor(51.5624, grad_fn=<AddBackward0>)
Accuracy =  tensor(0.4736)
Epoch =  31 / 1000
Loss =  tensor(53.5369, grad_fn=<AddBackward0>)
Accuracy =  tensor(0.4061)
Epoch =  32 / 1000
Loss =  tensor(52.8947, grad_fn=<AddBackward0>)
Accuracy =  tensor(0.4220)
Epoch =  33 / 1000
Loss =  tensor(57.8986, grad_fn=<AddBackward0>)
Accuracy =  tensor(0.0270)
Epoch =  34 / 1000
Loss =  tensor(51.3331, grad_fn=<AddBackward0>)
Accuracy =  tensor(0.4440)
Epoch =  35 / 1000
Loss =  tensor(54.2642, grad_fn=<AddBackward0>)
Accuracy =  tensor(0.0048)
Epoch =  36 / 1000
Loss =  tensor(52.0329, grad_fn=<AddBackward0>)
Accuracy =  tensor(0.4693)
Epoch =  37 / 1000
Loss =  tensor(51.5544, grad_fn=<AddBackward0>)
Accuracy =  tensor(0.4365)
Epoch =  38 / 1000
Loss =  tensor(50.3762, grad_fn=<AddBackward0>)
Accuracy =  tensor(0.4731)
Epoch =  39 / 1000
Loss =  tensor(52.4912, grad_fn=<AddBackward0>)
Accuracy =  tensor(0.4098)
Epoch =  40 / 1000
Loss =  tensor(53.4811, grad_fn=<AddBackward0>)
Accuracy =  tensor(0.3682)
Epoch =  41 / 1000
Loss =  tensor(53.3098, grad_fn=<AddBackward0>)
Accuracy =  tensor(0.4283)
Epoch =  42 / 1000
Loss =  tensor(51.1421, grad_fn=<AddBackward0>)
Accuracy =  tensor(0.4732)
Epoch =  43 / 1000
Loss =  tensor(52.1793, grad_fn=<AddBackward0>)
Accuracy =  tensor(0.4068)
Epoch =  44 / 1000
Loss =  tensor(48.3479, grad_fn=<AddBackward0>)
Accuracy =  tensor(0.4857)
Epoch =  45 / 1000
Loss =  tensor(49.5249, grad_fn=<AddBackward0>)
Accuracy =  tensor(0.4776)
Epoch =  46 / 1000
Loss =  tensor(51.2551, grad_fn=<AddBackward0>)
Accuracy =  tensor(0.4808)
Epoch =  47 / 1000
Loss =  tensor(51.9010, grad_fn=<AddBackward0>)
Accuracy =  tensor(0.4294)
Epoch =  48 / 1000
Loss =  tensor(53.3798, grad_fn=<AddBackward0>)
Accuracy =  tensor(0.4345)
Epoch =  49 / 1000
Loss =  tensor(50.4969, grad_fn=<AddBackward0>)
Accuracy =  tensor(0.4642)
Epoch =  50 / 1000
Loss =  tensor(47.2492, grad_fn=<AddBackward0>)
Accuracy =  tensor(0.4571)
Epoch =  51 / 1000
Loss =  tensor(52.9259, grad_fn=<AddBackward0>)
Accuracy =  tensor(0.4182)
Epoch =  52 / 1000
Loss =  tensor(51.2448, grad_fn=<AddBackward0>)
Accuracy =  tensor(0.4609)
Epoch =  53 / 1000
Loss =  tensor(51.2004, grad_fn=<AddBackward0>)
Accuracy =  tensor(0.4738)
Epoch =  54 / 1000
Loss =  tensor(51.2639, grad_fn=<AddBackward0>)
Accuracy =  tensor(0.4912)
Epoch =  55 / 1000
Loss =  tensor(49.0203, grad_fn=<AddBackward0>)
Accuracy =  tensor(0.4828)
Epoch =  56 / 1000
Loss =  tensor(50.8024, grad_fn=<AddBackward0>)
Accuracy =  tensor(0.4218)
Epoch =  57 / 1000
Loss =  tensor(48.6370, grad_fn=<AddBackward0>)
Accuracy =  tensor(0.5192)
Epoch =  58 / 1000
Loss =  tensor(49.9277, grad_fn=<AddBackward0>)
Accuracy =  tensor(0.0061)
Epoch =  59 / 1000
Loss =  tensor(50.7786, grad_fn=<AddBackward0>)
Accuracy =  tensor(0.0285)
Epoch =  60 / 1000
Loss =  tensor(46.4737, grad_fn=<AddBackward0>)
Accuracy =  tensor(0.4668)
Epoch =  61 / 1000
Loss =  tensor(49.5706, grad_fn=<AddBackward0>)
Accuracy =  tensor(0.4802)
Epoch =  62 / 1000
Loss =  tensor(52.6443, grad_fn=<AddBackward0>)
Accuracy =  tensor(0.4434)
Epoch =  63 / 1000
Loss =  tensor(50.2980, grad_fn=<AddBackward0>)
Accuracy =  tensor(0.0151)
Epoch =  64 / 1000
Loss =  tensor(52.3819, grad_fn=<AddBackward0>)
Accuracy =  tensor(0.4378)
Epoch =  65 / 1000
Loss =  tensor(48.6133, grad_fn=<AddBackward0>)
Accuracy =  tensor(0.4638)
Epoch =  66 / 1000
Loss =  tensor(50.4767, grad_fn=<AddBackward0>)
Accuracy =  tensor(0.4396)
Epoch =  67 / 1000
Loss =  tensor(46.5432, grad_fn=<AddBackward0>)
Accuracy =  tensor(0.5446)
Epoch =  68 / 1000
Loss =  tensor(48.6994, grad_fn=<AddBackward0>)
Accuracy =  tensor(0.5044)
Epoch =  69 / 1000
Loss =  tensor(49.8544, grad_fn=<AddBackward0>)
Accuracy =  tensor(0.0554)
Epoch =  70 / 1000
Loss =  tensor(49.6959, grad_fn=<AddBackward0>)
Accuracy =  tensor(0.5060)
Epoch =  71 / 1000
Loss =  tensor(46.4286, grad_fn=<AddBackward0>)
Accuracy =  tensor(0.5414)
Epoch =  72 / 1000
Loss =  tensor(47.2041, grad_fn=<AddBackward0>)
Accuracy =  tensor(0.4736)
Epoch =  73 / 1000
Loss =  tensor(46.5063, grad_fn=<AddBackward0>)
Accuracy =  tensor(0.5110)
Epoch =  74 / 1000
Loss =  tensor(48.2400, grad_fn=<AddBackward0>)
Accuracy =  tensor(0.5512)
Epoch =  75 / 1000
Loss =  tensor(49.3059, grad_fn=<AddBackward0>)
Accuracy =  tensor(0.0240)
Epoch =  76 / 1000
Loss =  tensor(49.0620, grad_fn=<AddBackward0>)
Accuracy =  tensor(0.4813)
Epoch =  77 / 1000
Loss =  tensor(51.5669, grad_fn=<AddBackward0>)
Accuracy =  tensor(0.4171)
Epoch =  78 / 1000
Loss =  tensor(51.1157, grad_fn=<AddBackward0>)
Accuracy =  tensor(0.4816)
Epoch =  79 / 1000
Loss =  tensor(49.2609, grad_fn=<AddBackward0>)
Accuracy =  tensor(0.4696)
Epoch =  80 / 1000
Loss =  tensor(44.7558, grad_fn=<AddBackward0>)
Accuracy =  tensor(0.5211)
Epoch =  81 / 1000
Loss =  tensor(46.5419, grad_fn=<AddBackward0>)
Accuracy =  tensor(0.4763)
Epoch =  82 / 1000
Loss =  tensor(48.2098, grad_fn=<AddBackward0>)
Accuracy =  tensor(0.4705)
Epoch =  83 / 1000
Loss =  tensor(49.6864, grad_fn=<AddBackward0>)
Accuracy =  tensor(0.5132)
Epoch =  84 / 1000
Loss =  tensor(52.8776, grad_fn=<AddBackward0>)
Accuracy =  tensor(0.4442)
Epoch =  85 / 1000
Loss =  tensor(51.1384, grad_fn=<AddBackward0>)
Accuracy =  tensor(0.4288)
Epoch =  86 / 1000
Loss =  tensor(47.4888, grad_fn=<AddBackward0>)
Accuracy =  tensor(0.5216)
Epoch =  87 / 1000
Loss =  tensor(49.4908, grad_fn=<AddBackward0>)
Accuracy =  tensor(0.5050)
Epoch =  88 / 1000
Loss =  tensor(51.7149, grad_fn=<AddBackward0>)
Accuracy =  tensor(0.0182)
Epoch =  89 / 1000
Loss =  tensor(51.6387, grad_fn=<AddBackward0>)
Accuracy =  tensor(0.)
Epoch =  90 / 1000
Loss =  tensor(50.4772, grad_fn=<AddBackward0>)
Accuracy =  tensor(0.4705)
Epoch =  91 / 1000
Loss =  tensor(51.3036, grad_fn=<AddBackward0>)
Accuracy =  tensor(0.0541)
Epoch =  92 / 1000
Loss =  tensor(52.5638, grad_fn=<AddBackward0>)
Accuracy =  tensor(0.0758)
Epoch =  93 / 1000
Loss =  tensor(47.9467, grad_fn=<AddBackward0>)
Accuracy =  tensor(0.5236)
Epoch =  94 / 1000
Loss =  tensor(51.1663, grad_fn=<AddBackward0>)
Accuracy =  tensor(0.4847)
Epoch =  95 / 1000
Loss =  tensor(49.1015, grad_fn=<AddBackward0>)
Accuracy =  tensor(0.4859)
Epoch =  96 / 1000
Loss =  tensor(48.5613, grad_fn=<AddBackward0>)
Accuracy =  tensor(0.4655)
Epoch =  97 / 1000
Loss =  tensor(48.4129, grad_fn=<AddBackward0>)
Accuracy =  tensor(0.4227)
Epoch =  98 / 1000
Loss =  tensor(51.1542, grad_fn=<AddBackward0>)
Accuracy =  tensor(0.0729)
Epoch =  99 / 1000
Loss =  tensor(46.3898, grad_fn=<AddBackward0>)
Accuracy =  tensor(0.5287)
Epoch =  100 / 1000
Loss =  tensor(47.8525, grad_fn=<AddBackward0>)
Accuracy =  tensor(0.5142)
Epoch =  101 / 1000
Loss =  tensor(48.5835, grad_fn=<AddBackward0>)
Accuracy =  tensor(0.5128)
Epoch =  102 / 1000
Loss =  tensor(49.5546, grad_fn=<AddBackward0>)
Accuracy =  tensor(0.4911)
Epoch =  103 / 1000
Loss =  tensor(50.1953, grad_fn=<AddBackward0>)
Accuracy =  tensor(0.0139)
Epoch =  104 / 1000
Loss =  tensor(50.2909, grad_fn=<AddBackward0>)
Accuracy =  tensor(0.4711)
Epoch =  105 / 1000
Loss =  tensor(49.3254, grad_fn=<AddBackward0>)
Accuracy =  tensor(0.4891)
Epoch =  106 / 1000
Loss =  tensor(48.7198, grad_fn=<AddBackward0>)
Accuracy =  tensor(0.4855)
Epoch =  107 / 1000
Loss =  tensor(48.1842, grad_fn=<AddBackward0>)
Accuracy =  tensor(0.5124)
Epoch =  108 / 1000
Loss =  tensor(53.3945, grad_fn=<AddBackward0>)
Accuracy =  tensor(0.0245)
Epoch =  109 / 1000
Loss =  tensor(54.6715, grad_fn=<AddBackward0>)
Accuracy =  tensor(0.0682)
Epoch =  110 / 1000
Loss =  tensor(51.8869, grad_fn=<AddBackward0>)
Accuracy =  tensor(0.0537)
Epoch =  111 / 1000
Loss =  tensor(51.2379, grad_fn=<AddBackward0>)
Accuracy =  tensor(0.0338)
Epoch =  112 / 1000
Loss =  tensor(53.4908, grad_fn=<AddBackward0>)
Accuracy =  tensor(0.0781)
Epoch =  113 / 1000
Loss =  tensor(49.3708, grad_fn=<AddBackward0>)
Accuracy =  tensor(0.0360)
Epoch =  114 / 1000
Loss =  tensor(48.8130, grad_fn=<AddBackward0>)
Accuracy =  tensor(0.5336)
Epoch =  115 / 1000
Loss =  tensor(49.6283, grad_fn=<AddBackward0>)
Accuracy =  tensor(0.0364)
Epoch =  116 / 1000
Loss =  tensor(52.1728, grad_fn=<AddBackward0>)
Accuracy =  tensor(0.0427)
Epoch =  117 / 1000
Loss =  tensor(51.6465, grad_fn=<AddBackward0>)
Accuracy =  tensor(0.0375)
Epoch =  118 / 1000
Loss =  tensor(51.9538, grad_fn=<AddBackward0>)
Accuracy =  tensor(0.4809)
Epoch =  119 / 1000
Loss =  tensor(50.0557, grad_fn=<AddBackward0>)
Accuracy =  tensor(0.5252)
Epoch =  120 / 1000
Loss =  tensor(48.3563, grad_fn=<AddBackward0>)
Accuracy =  tensor(0.5054)
Epoch =  121 / 1000
Loss =  tensor(48.9646, grad_fn=<AddBackward0>)
Accuracy =  tensor(0.0275)
Epoch =  122 / 1000
Loss =  tensor(52.5402, grad_fn=<AddBackward0>)
Accuracy =  tensor(0.0879)
Epoch =  123 / 1000
Loss =  tensor(45.9771, grad_fn=<AddBackward0>)
Accuracy =  tensor(0.5285)
Epoch =  124 / 1000
Loss =  tensor(51.6608, grad_fn=<AddBackward0>)
Accuracy =  tensor(0.0868)
Epoch =  125 / 1000
Loss =  tensor(47.9826, grad_fn=<AddBackward0>)
Accuracy =  tensor(0.0277)
Epoch =  126 / 1000
Loss =  tensor(50.4396, grad_fn=<AddBackward0>)
Accuracy =  tensor(0.0771)
Epoch =  127 / 1000
Loss =  tensor(50.9506, grad_fn=<AddBackward0>)
Accuracy =  tensor(0.0742)
Epoch =  128 / 1000
Loss =  tensor(49.3691, grad_fn=<AddBackward0>)
Accuracy =  tensor(0.4793)
Epoch =  129 / 1000
Loss =  tensor(47.7468, grad_fn=<AddBackward0>)
Accuracy =  tensor(0.0145)
Epoch =  130 / 1000
Loss =  tensor(50.3702, grad_fn=<AddBackward0>)
Accuracy =  tensor(0.5258)
Epoch =  131 / 1000
Loss =  tensor(48.5562, grad_fn=<AddBackward0>)
Accuracy =  tensor(0.4945)
Epoch =  132 / 1000
Loss =  tensor(52.8434, grad_fn=<AddBackward0>)
Accuracy =  tensor(0.4189)
Epoch =  133 / 1000
Loss =  tensor(52.0693, grad_fn=<AddBackward0>)
Accuracy =  tensor(0.4334)
Epoch =  134 / 1000
Loss =  tensor(49.4460, grad_fn=<AddBackward0>)
Accuracy =  tensor(0.4512)
Epoch =  135 / 1000
Loss =  tensor(51.0391, grad_fn=<AddBackward0>)
Accuracy =  tensor(0.0267)
Epoch =  136 / 1000
Loss =  tensor(50.0278, grad_fn=<AddBackward0>)
Accuracy =  tensor(0.0171)
Epoch =  137 / 1000
Loss =  tensor(52.9854, grad_fn=<AddBackward0>)
Accuracy =  tensor(0.0302)
Epoch =  138 / 1000
Loss =  tensor(45.1204, grad_fn=<AddBackward0>)
Accuracy =  tensor(0.5520)
Epoch =  139 / 1000
Loss =  tensor(50.7244, grad_fn=<AddBackward0>)
Accuracy =  tensor(0.0394)
Epoch =  140 / 1000
Loss =  tensor(49.5941, grad_fn=<AddBackward0>)
Accuracy =  tensor(0.0040)
Epoch =  141 / 1000
Loss =  tensor(45.8067, grad_fn=<AddBackward0>)
Accuracy =  tensor(0.5865)
Epoch =  142 / 1000
Loss =  tensor(49.3763, grad_fn=<AddBackward0>)
Accuracy =  tensor(0.0160)
Epoch =  143 / 1000
Loss =  tensor(51.8852, grad_fn=<AddBackward0>)
Accuracy =  tensor(0.0760)
Epoch =  144 / 1000
Loss =  tensor(49.5255, grad_fn=<AddBackward0>)
Accuracy =  tensor(0.0348)
Epoch =  145 / 1000
Loss =  tensor(46.5574, grad_fn=<AddBackward0>)
Accuracy =  tensor(0.)
Epoch =  146 / 1000
Loss =  tensor(47.7595, grad_fn=<AddBackward0>)
Accuracy =  tensor(0.5342)
Epoch =  147 / 1000
Loss =  tensor(50.4028, grad_fn=<AddBackward0>)
Accuracy =  tensor(0.0482)
Epoch =  148 / 1000
Loss =  tensor(49.0382, grad_fn=<AddBackward0>)
Accuracy =  tensor(0.5305)
Epoch =  149 / 1000
Loss =  tensor(49.4901, grad_fn=<AddBackward0>)
Accuracy =  tensor(0.0157)
Epoch =  150 / 1000
Loss =  tensor(52.0829, grad_fn=<AddBackward0>)
Accuracy =  tensor(0.0336)
Epoch =  151 / 1000
Loss =  tensor(47.1498, grad_fn=<AddBackward0>)
Accuracy =  tensor(0.5077)
Epoch =  152 / 1000
Loss =  tensor(49.1497, grad_fn=<AddBackward0>)
Accuracy =  tensor(0.0199)
Epoch =  153 / 1000
Loss =  tensor(49.9656, grad_fn=<AddBackward0>)
Accuracy =  tensor(0.5081)
Epoch =  154 / 1000
Loss =  tensor(45.4945, grad_fn=<AddBackward0>)
Accuracy =  tensor(0.5425)
Epoch =  155 / 1000
Loss =  tensor(48.5507, grad_fn=<AddBackward0>)
Accuracy =  tensor(0.0103)
Epoch =  156 / 1000
Loss =  tensor(50.6658, grad_fn=<AddBackward0>)
Accuracy =  tensor(0.0381)
Epoch =  157 / 1000
Loss =  tensor(47.5728, grad_fn=<AddBackward0>)
Accuracy =  tensor(0.5400)
Epoch =  158 / 1000
Loss =  tensor(45.9249, grad_fn=<AddBackward0>)
Accuracy =  tensor(0.0272)
Epoch =  159 / 1000
Loss =  tensor(50.1121, grad_fn=<AddBackward0>)
Accuracy =  tensor(0.0042)
Epoch =  160 / 1000
Loss =  tensor(51.7463, grad_fn=<AddBackward0>)
Accuracy =  tensor(0.0416)
Epoch =  161 / 1000
Loss =  tensor(46.0318, grad_fn=<AddBackward0>)
Accuracy =  tensor(0.5220)
Epoch =  162 / 1000
Loss =  tensor(46.9761, grad_fn=<AddBackward0>)
Accuracy =  tensor(0.5059)
Epoch =  163 / 1000
Loss =  tensor(48.0567, grad_fn=<AddBackward0>)
Accuracy =  tensor(0.5022)
Epoch =  164 / 1000
Loss =  tensor(45.8823, grad_fn=<AddBackward0>)
Accuracy =  tensor(0.5643)
Epoch =  165 / 1000
Loss =  tensor(48.4260, grad_fn=<AddBackward0>)
Accuracy =  tensor(0.5524)
Epoch =  166 / 1000
Loss =  tensor(45.7554, grad_fn=<AddBackward0>)
Accuracy =  tensor(0.5684)
Epoch =  167 / 1000
Loss =  tensor(51.2350, grad_fn=<AddBackward0>)
Accuracy =  tensor(0.0654)
Epoch =  168 / 1000
Loss =  tensor(47.7523, grad_fn=<AddBackward0>)
Accuracy =  tensor(0.5423)
Epoch =  169 / 1000
Loss =  tensor(50.2645, grad_fn=<AddBackward0>)
Accuracy =  tensor(0.0253)
Epoch =  170 / 1000
Loss =  tensor(44.4614, grad_fn=<AddBackward0>)
Accuracy =  tensor(0.5418)
Epoch =  171 / 1000
Loss =  tensor(53.5623, grad_fn=<AddBackward0>)
Accuracy =  tensor(0.0701)
Epoch =  172 / 1000
Loss =  tensor(52.4728, grad_fn=<AddBackward0>)
Accuracy =  tensor(0.0488)
Epoch =  173 / 1000
Loss =  tensor(53.6424, grad_fn=<AddBackward0>)
Accuracy =  tensor(0.0836)
Epoch =  174 / 1000
Loss =  tensor(49.7029, grad_fn=<AddBackward0>)
Accuracy =  tensor(0.0437)
Epoch =  175 / 1000
Loss =  tensor(45.4213, grad_fn=<AddBackward0>)
Accuracy =  tensor(0.5768)
Epoch =  176 / 1000
Loss =  tensor(53.8999, grad_fn=<AddBackward0>)
Accuracy =  tensor(0.0912)
Epoch =  177 / 1000
Loss =  tensor(49.1572, grad_fn=<AddBackward0>)
Accuracy =  tensor(0.0105)
Epoch =  178 / 1000
Loss =  tensor(48.5644, grad_fn=<AddBackward0>)
Accuracy =  tensor(0.4925)
Epoch =  179 / 1000
Loss =  tensor(49.5094, grad_fn=<AddBackward0>)
Accuracy =  tensor(0.4908)
Epoch =  180 / 1000
Loss =  tensor(48.8331, grad_fn=<AddBackward0>)
Accuracy =  tensor(0.0787)
Epoch =  181 / 1000
Loss =  tensor(45.9620, grad_fn=<AddBackward0>)
Accuracy =  tensor(0.5323)
Epoch =  182 / 1000
Loss =  tensor(49.8404, grad_fn=<AddBackward0>)
Accuracy =  tensor(0.0718)
Epoch =  183 / 1000
Loss =  tensor(49.1290, grad_fn=<AddBackward0>)
Accuracy =  tensor(0.0274)
Epoch =  184 / 1000
Loss =  tensor(51.8492, grad_fn=<AddBackward0>)
Accuracy =  tensor(0.0484)
Epoch =  185 / 1000
Loss =  tensor(46.6846, grad_fn=<AddBackward0>)
Accuracy =  tensor(0.5386)
Epoch =  186 / 1000
Loss =  tensor(50.1344, grad_fn=<AddBackward0>)
Accuracy =  tensor(0.4970)
Epoch =  187 / 1000
Loss =  tensor(50.4360, grad_fn=<AddBackward0>)
Accuracy =  tensor(0.4870)
Epoch =  188 / 1000
Loss =  tensor(48.7062, grad_fn=<AddBackward0>)
Accuracy =  tensor(0.5107)
Epoch =  189 / 1000
Loss =  tensor(49.8458, grad_fn=<AddBackward0>)
Accuracy =  tensor(0.0039)
Epoch =  190 / 1000
Loss =  tensor(52.5081, grad_fn=<AddBackward0>)
Accuracy =  tensor(0.0749)
Epoch =  191 / 1000
Loss =  tensor(47.6641, grad_fn=<AddBackward0>)
Accuracy =  tensor(0.5524)
Epoch =  192 / 1000
Loss =  tensor(48.4162, grad_fn=<AddBackward0>)
Accuracy =  tensor(0.0364)
Epoch =  193 / 1000
Loss =  tensor(46.7638, grad_fn=<AddBackward0>)
Accuracy =  tensor(0.5694)
Epoch =  194 / 1000
Loss =  tensor(53.2559, grad_fn=<AddBackward0>)
Accuracy =  tensor(0.0832)
Epoch =  195 / 1000
Loss =  tensor(51.0817, grad_fn=<AddBackward0>)
Accuracy =  tensor(0.0552)
Epoch =  196 / 1000
Loss =  tensor(45.1870, grad_fn=<AddBackward0>)
Accuracy =  tensor(0.5539)
Epoch =  197 / 1000
Loss =  tensor(47.0977, grad_fn=<AddBackward0>)
Accuracy =  tensor(0.5876)
Epoch =  198 / 1000
Loss =  tensor(45.4891, grad_fn=<AddBackward0>)
Accuracy =  tensor(0.5893)
Epoch =  199 / 1000
Loss =  tensor(48.9857, grad_fn=<AddBackward0>)
Accuracy =  tensor(0.0373)
Epoch =  200 / 1000
Loss =  tensor(44.8461, grad_fn=<AddBackward0>)
Accuracy =  tensor(0.5875)
Epoch =  201 / 1000
Loss =  tensor(47.0629, grad_fn=<AddBackward0>)
Accuracy =  tensor(0.0186)
Epoch =  202 / 1000
Loss =  tensor(48.7873, grad_fn=<AddBackward0>)
Accuracy =  tensor(0.0575)
Epoch =  203 / 1000
Loss =  tensor(52.6318, grad_fn=<AddBackward0>)
Accuracy =  tensor(0.0759)
Epoch =  204 / 1000
Loss =  tensor(47.6059, grad_fn=<AddBackward0>)
Accuracy =  tensor(0.5201)
Epoch =  205 / 1000
Loss =  tensor(48.1574, grad_fn=<AddBackward0>)
Accuracy =  tensor(0.0473)
Epoch =  206 / 1000
Loss =  tensor(47.6936, grad_fn=<AddBackward0>)
Accuracy =  tensor(0.0417)
Epoch =  207 / 1000
Loss =  tensor(48.5032, grad_fn=<AddBackward0>)
Accuracy =  tensor(0.5359)
Epoch =  208 / 1000
Loss =  tensor(49.1090, grad_fn=<AddBackward0>)
Accuracy =  tensor(0.0269)
Epoch =  209 / 1000
Loss =  tensor(50.5842, grad_fn=<AddBackward0>)
Accuracy =  tensor(0.1088)
Epoch =  210 / 1000
Loss =  tensor(48.9781, grad_fn=<AddBackward0>)
Accuracy =  tensor(0.0285)
Epoch =  211 / 1000
Loss =  tensor(48.5453, grad_fn=<AddBackward0>)
Accuracy =  tensor(0.0559)
Epoch =  212 / 1000
Loss =  tensor(48.6674, grad_fn=<AddBackward0>)
Accuracy =  tensor(0.0229)
Epoch =  213 / 1000
Loss =  tensor(49.9298, grad_fn=<AddBackward0>)
Accuracy =  tensor(0.0159)
Epoch =  214 / 1000
Loss =  tensor(46.9456, grad_fn=<AddBackward0>)
Accuracy =  tensor(0.0109)
Epoch =  215 / 1000
Loss =  tensor(49.6536, grad_fn=<AddBackward0>)
Accuracy =  tensor(0.5143)
Epoch =  216 / 1000
Loss =  tensor(44.8381, grad_fn=<AddBackward0>)
Accuracy =  tensor(0.5810)
Epoch =  217 / 1000
Loss =  tensor(50.8795, grad_fn=<AddBackward0>)
Accuracy =  tensor(0.1014)
Epoch =  218 / 1000
Loss =  tensor(51.2063, grad_fn=<AddBackward0>)
Accuracy =  tensor(0.0640)
Epoch =  219 / 1000
Loss =  tensor(50.2793, grad_fn=<AddBackward0>)
Accuracy =  tensor(0.0422)
Epoch =  220 / 1000
Loss =  tensor(52.2729, grad_fn=<AddBackward0>)
Accuracy =  tensor(0.0473)
Epoch =  221 / 1000
Loss =  tensor(46.8523, grad_fn=<AddBackward0>)
Accuracy =  tensor(0.5129)
Epoch =  222 / 1000
Loss =  tensor(49.9508, grad_fn=<AddBackward0>)
Accuracy =  tensor(0.4875)
Epoch =  223 / 1000
Loss =  tensor(52.0277, grad_fn=<AddBackward0>)
Accuracy =  tensor(0.0915)
Epoch =  224 / 1000
Loss =  tensor(46.2215, grad_fn=<AddBackward0>)
Accuracy =  tensor(0.5592)
Epoch =  225 / 1000
Loss =  tensor(50.1997, grad_fn=<AddBackward0>)
Accuracy =  tensor(0.0752)
Epoch =  226 / 1000
Loss =  tensor(49.3981, grad_fn=<AddBackward0>)
Accuracy =  tensor(0.4507)
Epoch =  227 / 1000
Loss =  tensor(50.7000, grad_fn=<AddBackward0>)
Accuracy =  tensor(0.0019)
Epoch =  228 / 1000
Loss =  tensor(48.4190, grad_fn=<AddBackward0>)
Accuracy =  tensor(0.5124)
Epoch =  229 / 1000
Loss =  tensor(44.4685, grad_fn=<AddBackward0>)
Accuracy =  tensor(0.5831)
Epoch =  230 / 1000
Loss =  tensor(49.8179, grad_fn=<AddBackward0>)
Accuracy =  tensor(0.0224)
Epoch =  231 / 1000
Loss =  tensor(44.3578, grad_fn=<AddBackward0>)
Accuracy =  tensor(0.5932)
Epoch =  232 / 1000
Loss =  tensor(48.4758, grad_fn=<AddBackward0>)
Accuracy =  tensor(0.0157)
Epoch =  233 / 1000
Loss =  tensor(49.9413, grad_fn=<AddBackward0>)
Accuracy =  tensor(0.)
Epoch =  234 / 1000
Loss =  tensor(44.7285, grad_fn=<AddBackward0>)
Accuracy =  tensor(0.5596)
Epoch =  235 / 1000
Loss =  tensor(50.2699, grad_fn=<AddBackward0>)
Accuracy =  tensor(0.0645)
Epoch =  236 / 1000
Loss =  tensor(49.8325, grad_fn=<AddBackward0>)
Accuracy =  tensor(0.0237)
Epoch =  237 / 1000
Loss =  tensor(50.1823, grad_fn=<AddBackward0>)
Accuracy =  tensor(0.0296)
Epoch =  238 / 1000
Loss =  tensor(51.5613, grad_fn=<AddBackward0>)
Accuracy =  tensor(0.0995)
Epoch =  239 / 1000
Loss =  tensor(47.2806, grad_fn=<AddBackward0>)
Accuracy =  tensor(0.5650)
Epoch =  240 / 1000
Loss =  tensor(49.6794, grad_fn=<AddBackward0>)
Accuracy =  tensor(0.0609)
Epoch =  241 / 1000
Loss =  tensor(46.8545, grad_fn=<AddBackward0>)
Accuracy =  tensor(0.0022)
Epoch =  242 / 1000
Loss =  tensor(45.5005, grad_fn=<AddBackward0>)
Accuracy =  tensor(0.5880)
Epoch =  243 / 1000
Loss =  tensor(51.7282, grad_fn=<AddBackward0>)
Accuracy =  tensor(0.1263)
Epoch =  244 / 1000
Loss =  tensor(46.6151, grad_fn=<AddBackward0>)
Accuracy =  tensor(0.0186)
Epoch =  245 / 1000
Loss =  tensor(52.2262, grad_fn=<AddBackward0>)
Accuracy =  tensor(0.0951)
Epoch =  246 / 1000
Loss =  tensor(48.7579, grad_fn=<AddBackward0>)
Accuracy =  tensor(0.0743)
Epoch =  247 / 1000
Loss =  tensor(49.1275, grad_fn=<AddBackward0>)
Accuracy =  tensor(0.0438)
Epoch =  248 / 1000
Loss =  tensor(47.1468, grad_fn=<AddBackward0>)
Accuracy =  tensor(0.5558)
Epoch =  249 / 1000
Loss =  tensor(51.9134, grad_fn=<AddBackward0>)
Accuracy =  tensor(0.0586)
Epoch =  250 / 1000
Loss =  tensor(45.4666, grad_fn=<AddBackward0>)
Accuracy =  tensor(0.5728)
Epoch =  251 / 1000
Loss =  tensor(50.8717, grad_fn=<AddBackward0>)
Accuracy =  tensor(0.0850)
Epoch =  252 / 1000
Loss =  tensor(45.4537, grad_fn=<AddBackward0>)
Accuracy =  tensor(0.5689)
Epoch =  253 / 1000
Loss =  tensor(52.8238, grad_fn=<AddBackward0>)
Accuracy =  tensor(0.0036)
Epoch =  254 / 1000
Loss =  tensor(48.2119, grad_fn=<AddBackward0>)
Accuracy =  tensor(0.5169)
Epoch =  255 / 1000
Loss =  tensor(51.0428, grad_fn=<AddBackward0>)
Accuracy =  tensor(0.0254)
Epoch =  256 / 1000
Loss =  tensor(49.5750, grad_fn=<AddBackward0>)
Accuracy =  tensor(0.0227)
Epoch =  257 / 1000
Loss =  tensor(51.5499, grad_fn=<AddBackward0>)
Accuracy =  tensor(0.0708)
Epoch =  258 / 1000
Loss =  tensor(49.6059, grad_fn=<AddBackward0>)
Accuracy =  tensor(0.0455)
Epoch =  259 / 1000
Loss =  tensor(48.2202, grad_fn=<AddBackward0>)
Accuracy =  tensor(0.5189)
Epoch =  260 / 1000
Loss =  tensor(46.0530, grad_fn=<AddBackward0>)
Accuracy =  tensor(0.5614)
Epoch =  261 / 1000
Loss =  tensor(46.0169, grad_fn=<AddBackward0>)
Accuracy =  tensor(0.0068)
Epoch =  262 / 1000
Loss =  tensor(48.8306, grad_fn=<AddBackward0>)
Accuracy =  tensor(0.0121)
Epoch =  263 / 1000
Loss =  tensor(47.0290, grad_fn=<AddBackward0>)
Accuracy =  tensor(0.5378)
Epoch =  264 / 1000
Loss =  tensor(45.9026, grad_fn=<AddBackward0>)
Accuracy =  tensor(0.5455)
Epoch =  265 / 1000
Loss =  tensor(49.5376, grad_fn=<AddBackward0>)
Accuracy =  tensor(0.0756)
Epoch =  266 / 1000
Loss =  tensor(43.3835, grad_fn=<AddBackward0>)
Accuracy =  tensor(0.5754)
Epoch =  267 / 1000
Loss =  tensor(49.8814, grad_fn=<AddBackward0>)
Accuracy =  tensor(0.0237)
Epoch =  268 / 1000
Loss =  tensor(47.7324, grad_fn=<AddBackward0>)
Accuracy =  tensor(0.5498)
Epoch =  269 / 1000
Loss =  tensor(46.9240, grad_fn=<AddBackward0>)
Accuracy =  tensor(0.0220)
Epoch =  270 / 1000
Loss =  tensor(50.4965, grad_fn=<AddBackward0>)
Accuracy =  tensor(0.0906)
Epoch =  271 / 1000
Loss =  tensor(51.4115, grad_fn=<AddBackward0>)
Accuracy =  tensor(0.0954)
Epoch =  272 / 1000
Loss =  tensor(52.3153, grad_fn=<AddBackward0>)
Accuracy =  tensor(0.0959)
Epoch =  273 / 1000
Loss =  tensor(48.9467, grad_fn=<AddBackward0>)
Accuracy =  tensor(0.0320)
Epoch =  274 / 1000
Loss =  tensor(47.6387, grad_fn=<AddBackward0>)
Accuracy =  tensor(0.0323)
Epoch =  275 / 1000
Loss =  tensor(49.0613, grad_fn=<AddBackward0>)
Accuracy =  tensor(0.0167)
Epoch =  276 / 1000
Loss =  tensor(46.8301, grad_fn=<AddBackward0>)
Accuracy =  tensor(0.5597)
Epoch =  277 / 1000
Loss =  tensor(50.5728, grad_fn=<AddBackward0>)
Accuracy =  tensor(0.0076)
Epoch =  278 / 1000
Loss =  tensor(52.4326, grad_fn=<AddBackward0>)
Accuracy =  tensor(0.1095)
Epoch =  279 / 1000
Loss =  tensor(45.9122, grad_fn=<AddBackward0>)
Accuracy =  tensor(0.5459)
Epoch =  280 / 1000
Loss =  tensor(48.0772, grad_fn=<AddBackward0>)
Accuracy =  tensor(0.5335)
Epoch =  281 / 1000
Loss =  tensor(52.9172, grad_fn=<AddBackward0>)
Accuracy =  tensor(0.1086)
Epoch =  282 / 1000
Loss =  tensor(46.0313, grad_fn=<AddBackward0>)
Accuracy =  tensor(0.5762)
Epoch =  283 / 1000
Loss =  tensor(49.8640, grad_fn=<AddBackward0>)
Accuracy =  tensor(0.0519)
Epoch =  284 / 1000
Loss =  tensor(44.6093, grad_fn=<AddBackward0>)
Accuracy =  tensor(0.6160)
Epoch =  285 / 1000
Loss =  tensor(48.7000, grad_fn=<AddBackward0>)
Accuracy =  tensor(0.0331)
Epoch =  286 / 1000
Loss =  tensor(48.8442, grad_fn=<AddBackward0>)
Accuracy =  tensor(0.0208)
Epoch =  287 / 1000
Loss =  tensor(46.9281, grad_fn=<AddBackward0>)
Accuracy =  tensor(0.0044)
Epoch =  288 / 1000
Loss =  tensor(46.8411, grad_fn=<AddBackward0>)
Accuracy =  tensor(0.0284)
Epoch =  289 / 1000
Loss =  tensor(48.7894, grad_fn=<AddBackward0>)
Accuracy =  tensor(0.5293)
Epoch =  290 / 1000
Loss =  tensor(51.7421, grad_fn=<AddBackward0>)
Accuracy =  tensor(0.0784)
Epoch =  291 / 1000
Loss =  tensor(47.9238, grad_fn=<AddBackward0>)
Accuracy =  tensor(0.5288)
Epoch =  292 / 1000
Loss =  tensor(46.5756, grad_fn=<AddBackward0>)
Accuracy =  tensor(0.0197)
Epoch =  293 / 1000
Loss =  tensor(48.6393, grad_fn=<AddBackward0>)
Accuracy =  tensor(0.0824)
Epoch =  294 / 1000
Loss =  tensor(50.8760, grad_fn=<AddBackward0>)
Accuracy =  tensor(0.1252)
Epoch =  295 / 1000
Loss =  tensor(50.2235, grad_fn=<AddBackward0>)
Accuracy =  tensor(0.0663)
Epoch =  296 / 1000
Loss =  tensor(49.6736, grad_fn=<AddBackward0>)
Accuracy =  tensor(0.0918)
Epoch =  297 / 1000
Loss =  tensor(50.4377, grad_fn=<AddBackward0>)
Accuracy =  tensor(0.1138)
Epoch =  298 / 1000
Loss =  tensor(49.0635, grad_fn=<AddBackward0>)
Accuracy =  tensor(0.0667)
Epoch =  299 / 1000
Loss =  tensor(45.2829, grad_fn=<AddBackward0>)
Accuracy =  tensor(0.6142)
Epoch =  300 / 1000
Loss =  tensor(48.7679, grad_fn=<AddBackward0>)
Accuracy =  tensor(0.5523)
Epoch =  301 / 1000
Loss =  tensor(50.9369, grad_fn=<AddBackward0>)
Accuracy =  tensor(0.0899)
Epoch =  302 / 1000
Loss =  tensor(50.5091, grad_fn=<AddBackward0>)
Accuracy =  tensor(0.1195)
Epoch =  303 / 1000
Loss =  tensor(47.8516, grad_fn=<AddBackward0>)
Accuracy =  tensor(0.0298)
Epoch =  304 / 1000
Loss =  tensor(49.4575, grad_fn=<AddBackward0>)
Accuracy =  tensor(0.1078)
Epoch =  305 / 1000
Loss =  tensor(48.8698, grad_fn=<AddBackward0>)
Accuracy =  tensor(0.0191)
Epoch =  306 / 1000
Loss =  tensor(48.7086, grad_fn=<AddBackward0>)
Accuracy =  tensor(0.0497)
Epoch =  307 / 1000
Loss =  tensor(44.7564, grad_fn=<AddBackward0>)
Accuracy =  tensor(0.0072)
Epoch =  308 / 1000
Loss =  tensor(46.5760, grad_fn=<AddBackward0>)
Accuracy =  tensor(0.0418)
Epoch =  309 / 1000
Loss =  tensor(49.5074, grad_fn=<AddBackward0>)
Accuracy =  tensor(0.0502)
Epoch =  310 / 1000
Loss =  tensor(48.5206, grad_fn=<AddBackward0>)
Accuracy =  tensor(0.5533)
Epoch =  311 / 1000
Loss =  tensor(45.5906, grad_fn=<AddBackward0>)
Accuracy =  tensor(0.0165)
Epoch =  312 / 1000
Loss =  tensor(49.3977, grad_fn=<AddBackward0>)
Accuracy =  tensor(0.5185)
Epoch =  313 / 1000
Loss =  tensor(48.9710, grad_fn=<AddBackward0>)
Accuracy =  tensor(0.0299)
Epoch =  314 / 1000
Loss =  tensor(47.2069, grad_fn=<AddBackward0>)
Accuracy =  tensor(0.5095)
Epoch =  315 / 1000
Loss =  tensor(48.0911, grad_fn=<AddBackward0>)
Accuracy =  tensor(0.0159)
Epoch =  316 / 1000
Loss =  tensor(49.3214, grad_fn=<AddBackward0>)
Accuracy =  tensor(0.0477)
Epoch =  317 / 1000
Loss =  tensor(49.7994, grad_fn=<AddBackward0>)
Accuracy =  tensor(0.0248)
Epoch =  318 / 1000
Loss =  tensor(43.6780, grad_fn=<AddBackward0>)
Accuracy =  tensor(0.5931)
Epoch =  319 / 1000
Loss =  tensor(46.5820, grad_fn=<AddBackward0>)
Accuracy =  tensor(0.5737)
Epoch =  320 / 1000
Loss =  tensor(50.2849, grad_fn=<AddBackward0>)
Accuracy =  tensor(0.1109)
Epoch =  321 / 1000
Loss =  tensor(48.9372, grad_fn=<AddBackward0>)
Accuracy =  tensor(0.0103)
Epoch =  322 / 1000
Loss =  tensor(47.6412, grad_fn=<AddBackward0>)
Accuracy =  tensor(0.0043)
Epoch =  323 / 1000
Loss =  tensor(49.9809, grad_fn=<AddBackward0>)
Accuracy =  tensor(0.0778)
Epoch =  324 / 1000
Loss =  tensor(49.8328, grad_fn=<AddBackward0>)
Accuracy =  tensor(0.0201)
Epoch =  325 / 1000
Loss =  tensor(49.7929, grad_fn=<AddBackward0>)
Accuracy =  tensor(0.1129)
Epoch =  326 / 1000
Loss =  tensor(49.7705, grad_fn=<AddBackward0>)
Accuracy =  tensor(0.0523)
Epoch =  327 / 1000
Loss =  tensor(49.5321, grad_fn=<AddBackward0>)
Accuracy =  tensor(0.0644)
Epoch =  328 / 1000
Loss =  tensor(52.5439, grad_fn=<AddBackward0>)
Accuracy =  tensor(0.1215)
Epoch =  329 / 1000
Loss =  tensor(49.8922, grad_fn=<AddBackward0>)
Accuracy =  tensor(0.0969)
Epoch =  330 / 1000
Loss =  tensor(46.0725, grad_fn=<AddBackward0>)
Accuracy =  tensor(0.5681)
Epoch =  331 / 1000
Loss =  tensor(49.0996, grad_fn=<AddBackward0>)
Accuracy =  tensor(0.0318)
Epoch =  332 / 1000
Loss =  tensor(50.0468, grad_fn=<AddBackward0>)
Accuracy =  tensor(0.1039)
Epoch =  333 / 1000
Loss =  tensor(49.8266, grad_fn=<AddBackward0>)
Accuracy =  tensor(0.0335)
Epoch =  334 / 1000
Loss =  tensor(47.7561, grad_fn=<AddBackward0>)
Accuracy =  tensor(0.0370)
Epoch =  335 / 1000
Loss =  tensor(48.9777, grad_fn=<AddBackward0>)
Accuracy =  tensor(0.0593)
Epoch =  336 / 1000
Loss =  tensor(49.5365, grad_fn=<AddBackward0>)
Accuracy =  tensor(0.1078)
Epoch =  337 / 1000
Loss =  tensor(47.3335, grad_fn=<AddBackward0>)
Accuracy =  tensor(0.0345)
Epoch =  338 / 1000
Loss =  tensor(51.3774, grad_fn=<AddBackward0>)
Accuracy =  tensor(0.0578)
Epoch =  339 / 1000
Loss =  tensor(44.6587, grad_fn=<AddBackward0>)
Accuracy =  tensor(0.6150)
Epoch =  340 / 1000
Loss =  tensor(49.6058, grad_fn=<AddBackward0>)
Accuracy =  tensor(0.0574)
Epoch =  341 / 1000
Loss =  tensor(45.8841, grad_fn=<AddBackward0>)
Accuracy =  tensor(0.5805)
Epoch =  342 / 1000
Loss =  tensor(46.6642, grad_fn=<AddBackward0>)
Accuracy =  tensor(0.0179)
Epoch =  343 / 1000
Loss =  tensor(50.2331, grad_fn=<AddBackward0>)
Accuracy =  tensor(0.0677)
Epoch =  344 / 1000
Loss =  tensor(49.1268, grad_fn=<AddBackward0>)
Accuracy =  tensor(0.0489)
Epoch =  345 / 1000
Loss =  tensor(47.7583, grad_fn=<AddBackward0>)
Accuracy =  tensor(0.0062)
Epoch =  346 / 1000
Loss =  tensor(48.5266, grad_fn=<AddBackward0>)
Accuracy =  tensor(0.)
Epoch =  347 / 1000
Loss =  tensor(49.5715, grad_fn=<AddBackward0>)
Accuracy =  tensor(0.0446)
Epoch =  348 / 1000
Loss =  tensor(45.5715, grad_fn=<AddBackward0>)
Accuracy =  tensor(0.0202)
Epoch =  349 / 1000
Loss =  tensor(52.6403, grad_fn=<AddBackward0>)
Accuracy =  tensor(0.0973)
Epoch =  350 / 1000
Loss =  tensor(47.6462, grad_fn=<AddBackward0>)
Accuracy =  tensor(0.0380)
Epoch =  351 / 1000
Loss =  tensor(50.3670, grad_fn=<AddBackward0>)
Accuracy =  tensor(0.0630)
Epoch =  352 / 1000
Loss =  tensor(47.1490, grad_fn=<AddBackward0>)
Accuracy =  tensor(0.5323)
Epoch =  353 / 1000
Loss =  tensor(50.0704, grad_fn=<AddBackward0>)
Accuracy =  tensor(0.4890)
Epoch =  354 / 1000
Loss =  tensor(50.6845, grad_fn=<AddBackward0>)
Accuracy =  tensor(0.4904)
Epoch =  355 / 1000
Loss =  tensor(47.1075, grad_fn=<AddBackward0>)
Accuracy =  tensor(0.0152)
Epoch =  356 / 1000
Loss =  tensor(43.9265, grad_fn=<AddBackward0>)
Accuracy =  tensor(0.5724)
Epoch =  357 / 1000
Loss =  tensor(48.2775, grad_fn=<AddBackward0>)
Accuracy =  tensor(0.0536)
Epoch =  358 / 1000
Loss =  tensor(49.8621, grad_fn=<AddBackward0>)
Accuracy =  tensor(0.0536)
Epoch =  359 / 1000
Loss =  tensor(49.5961, grad_fn=<AddBackward0>)
Accuracy =  tensor(0.1029)
Epoch =  360 / 1000
Loss =  tensor(47.5134, grad_fn=<AddBackward0>)
Accuracy =  tensor(0.0532)
Epoch =  361 / 1000
Loss =  tensor(48.9859, grad_fn=<AddBackward0>)
Accuracy =  tensor(0.1133)
Epoch =  362 / 1000
Loss =  tensor(49.7318, grad_fn=<AddBackward0>)
Accuracy =  tensor(0.0682)
Epoch =  363 / 1000
Loss =  tensor(46.3867, grad_fn=<AddBackward0>)
Accuracy =  tensor(0.5262)
Epoch =  364 / 1000
Loss =  tensor(49.7692, grad_fn=<AddBackward0>)
Accuracy =  tensor(0.0951)
Epoch =  365 / 1000
Loss =  tensor(46.2574, grad_fn=<AddBackward0>)
Accuracy =  tensor(0.1122)
Epoch =  366 / 1000
Loss =  tensor(45.7792, grad_fn=<AddBackward0>)
Accuracy =  tensor(0.0835)
Epoch =  367 / 1000
Loss =  tensor(53.7757, grad_fn=<AddBackward0>)
Accuracy =  tensor(0.1696)
Epoch =  368 / 1000
Loss =  tensor(49.0472, grad_fn=<AddBackward0>)
Accuracy =  tensor(0.1260)
Epoch =  369 / 1000
Loss =  tensor(50.1299, grad_fn=<AddBackward0>)
Accuracy =  tensor(0.0736)
Epoch =  370 / 1000
Loss =  tensor(49.7432, grad_fn=<AddBackward0>)
Accuracy =  tensor(0.1136)
Epoch =  371 / 1000
Loss =  tensor(47.9464, grad_fn=<AddBackward0>)
Accuracy =  tensor(0.0594)
Epoch =  372 / 1000
Loss =  tensor(46.8612, grad_fn=<AddBackward0>)
Accuracy =  tensor(0.0795)
Epoch =  373 / 1000
Loss =  tensor(47.1644, grad_fn=<AddBackward0>)
Accuracy =  tensor(0.0154)
Epoch =  374 / 1000
Loss =  tensor(47.8404, grad_fn=<AddBackward0>)
Accuracy =  tensor(0.0488)
Epoch =  375 / 1000
Loss =  tensor(46.0194, grad_fn=<AddBackward0>)
Accuracy =  tensor(0.0262)
Epoch =  376 / 1000
Loss =  tensor(47.0111, grad_fn=<AddBackward0>)
Accuracy =  tensor(0.0022)
Epoch =  377 / 1000
Loss =  tensor(54.4710, grad_fn=<AddBackward0>)
Accuracy =  tensor(0.1066)
Epoch =  378 / 1000
Loss =  tensor(46.7410, grad_fn=<AddBackward0>)
Accuracy =  tensor(0.5518)
Epoch =  379 / 1000
Loss =  tensor(46.1367, grad_fn=<AddBackward0>)
Accuracy =  tensor(0.5635)
Epoch =  380 / 1000
Loss =  tensor(47.5162, grad_fn=<AddBackward0>)
Accuracy =  tensor(0.5054)
Epoch =  381 / 1000
Loss =  tensor(50.9516, grad_fn=<AddBackward0>)
Accuracy =  tensor(0.0336)
Epoch =  382 / 1000
Loss =  tensor(48.9225, grad_fn=<AddBackward0>)
Accuracy =  tensor(0.0426)
Epoch =  383 / 1000
Loss =  tensor(45.1130, grad_fn=<AddBackward0>)
Accuracy =  tensor(0.0024)
Epoch =  384 / 1000
Loss =  tensor(50.2093, grad_fn=<AddBackward0>)
Accuracy =  tensor(0.0524)
Epoch =  385 / 1000
Loss =  tensor(47.6648, grad_fn=<AddBackward0>)
Accuracy =  tensor(0.5475)
Epoch =  386 / 1000
Loss =  tensor(47.2324, grad_fn=<AddBackward0>)
Accuracy =  tensor(0.0088)
Epoch =  387 / 1000
Loss =  tensor(46.8538, grad_fn=<AddBackward0>)
Accuracy =  tensor(0.0022)
Epoch =  388 / 1000
Loss =  tensor(53.2775, grad_fn=<AddBackward0>)
Accuracy =  tensor(0.1012)
Epoch =  389 / 1000
Loss =  tensor(45.7306, grad_fn=<AddBackward0>)
Accuracy =  tensor(0.5558)
Epoch =  390 / 1000
Loss =  tensor(49.3641, grad_fn=<AddBackward0>)
Accuracy =  tensor(0.0504)
Epoch =  391 / 1000
Loss =  tensor(46.0634, grad_fn=<AddBackward0>)
Accuracy =  tensor(0.6014)
Epoch =  392 / 1000
Loss =  tensor(48.3507, grad_fn=<AddBackward0>)
Accuracy =  tensor(0.0588)
Epoch =  393 / 1000
Loss =  tensor(47.0820, grad_fn=<AddBackward0>)
Accuracy =  tensor(0.0992)
Epoch =  394 / 1000
Loss =  tensor(47.7598, grad_fn=<AddBackward0>)
Accuracy =  tensor(0.0277)
Epoch =  395 / 1000
Loss =  tensor(47.3678, grad_fn=<AddBackward0>)
Accuracy =  tensor(0.0466)
Epoch =  396 / 1000
Loss =  tensor(46.0487, grad_fn=<AddBackward0>)
Accuracy =  tensor(0.0402)
Epoch =  397 / 1000
Loss =  tensor(49.1073, grad_fn=<AddBackward0>)
Accuracy =  tensor(0.0840)
Epoch =  398 / 1000
Loss =  tensor(46.6516, grad_fn=<AddBackward0>)
Accuracy =  tensor(0.0593)
Epoch =  399 / 1000
Loss =  tensor(44.9839, grad_fn=<AddBackward0>)
Accuracy =  tensor(0.5948)
Epoch =  400 / 1000
Loss =  tensor(45.7120, grad_fn=<AddBackward0>)
Accuracy =  tensor(0.0117)
Epoch =  401 / 1000
Loss =  tensor(49.2640, grad_fn=<AddBackward0>)
Accuracy =  tensor(0.0321)
Epoch =  402 / 1000
Loss =  tensor(46.3300, grad_fn=<AddBackward0>)
Accuracy =  tensor(0.5646)
Epoch =  403 / 1000
Loss =  tensor(45.7384, grad_fn=<AddBackward0>)
Accuracy =  tensor(0.0620)
Epoch =  404 / 1000
Loss =  tensor(48.1749, grad_fn=<AddBackward0>)
Accuracy =  tensor(0.0463)
Epoch =  405 / 1000
Loss =  tensor(49.0897, grad_fn=<AddBackward0>)
Accuracy =  tensor(0.0422)
Epoch =  406 / 1000
Loss =  tensor(50.1848, grad_fn=<AddBackward0>)
Accuracy =  tensor(0.0922)
Epoch =  407 / 1000
Loss =  tensor(49.9966, grad_fn=<AddBackward0>)
Accuracy =  tensor(0.0798)
Epoch =  408 / 1000
Loss =  tensor(50.2035, grad_fn=<AddBackward0>)
Accuracy =  tensor(0.0808)
Epoch =  409 / 1000
Loss =  tensor(45.7812, grad_fn=<AddBackward0>)
Accuracy =  tensor(0.6117)
Epoch =  410 / 1000
Loss =  tensor(46.3180, grad_fn=<AddBackward0>)
Accuracy =  tensor(0.0230)
Epoch =  411 / 1000
Loss =  tensor(48.4221, grad_fn=<AddBackward0>)
Accuracy =  tensor(0.0277)
Epoch =  412 / 1000
Loss =  tensor(49.9924, grad_fn=<AddBackward0>)
Accuracy =  tensor(0.0774)
Epoch =  413 / 1000
Loss =  tensor(48.5476, grad_fn=<AddBackward0>)
Accuracy =  tensor(0.0370)
Epoch =  414 / 1000
Loss =  tensor(47.1749, grad_fn=<AddBackward0>)
Accuracy =  tensor(0.0188)
Epoch =  415 / 1000
Loss =  tensor(48.8437, grad_fn=<AddBackward0>)
Accuracy =  tensor(0.0385)
Epoch =  416 / 1000
Loss =  tensor(49.7440, grad_fn=<AddBackward0>)
Accuracy =  tensor(0.1005)
Epoch =  417 / 1000
Loss =  tensor(46.6815, grad_fn=<AddBackward0>)
Accuracy =  tensor(0.0022)
Epoch =  418 / 1000
Loss =  tensor(47.8360, grad_fn=<AddBackward0>)
Accuracy =  tensor(0.0536)
Epoch =  419 / 1000
Loss =  tensor(49.8484, grad_fn=<AddBackward0>)
Accuracy =  tensor(0.0678)
Epoch =  420 / 1000
Loss =  tensor(48.5976, grad_fn=<AddBackward0>)
Accuracy =  tensor(0.0472)
Epoch =  421 / 1000
Loss =  tensor(47.8603, grad_fn=<AddBackward0>)
Accuracy =  tensor(0.0626)
Epoch =  422 / 1000
Loss =  tensor(51.9402, grad_fn=<AddBackward0>)
Accuracy =  tensor(0.1266)
Epoch =  423 / 1000
Loss =  tensor(47.0119, grad_fn=<AddBackward0>)
Accuracy =  tensor(0.0349)
Epoch =  424 / 1000
Loss =  tensor(47.1687, grad_fn=<AddBackward0>)
Accuracy =  tensor(0.0456)
Epoch =  425 / 1000
Loss =  tensor(50.0047, grad_fn=<AddBackward0>)
Accuracy =  tensor(0.0785)
Epoch =  426 / 1000
Loss =  tensor(49.6153, grad_fn=<AddBackward0>)
Accuracy =  tensor(0.0678)
Epoch =  427 / 1000
Loss =  tensor(49.8109, grad_fn=<AddBackward0>)
Accuracy =  tensor(0.0739)
Epoch =  428 / 1000
Loss =  tensor(47.0839, grad_fn=<AddBackward0>)
Accuracy =  tensor(0.0154)
Epoch =  429 / 1000
Loss =  tensor(50.0103, grad_fn=<AddBackward0>)
Accuracy =  tensor(0.0458)
Epoch =  430 / 1000
Loss =  tensor(49.0974, grad_fn=<AddBackward0>)
Accuracy =  tensor(0.0145)
Epoch =  431 / 1000
Loss =  tensor(49.7554, grad_fn=<AddBackward0>)
Accuracy =  tensor(0.0974)
Epoch =  432 / 1000
Loss =  tensor(48.2358, grad_fn=<AddBackward0>)
Accuracy =  tensor(0.0920)
Epoch =  433 / 1000
Loss =  tensor(45.4597, grad_fn=<AddBackward0>)
Accuracy =  tensor(0.6207)
Epoch =  434 / 1000
Loss =  tensor(49.9038, grad_fn=<AddBackward0>)
Accuracy =  tensor(0.0798)
Epoch =  435 / 1000
Loss =  tensor(49.2022, grad_fn=<AddBackward0>)
Accuracy =  tensor(0.0279)
Epoch =  436 / 1000
Loss =  tensor(48.2918, grad_fn=<AddBackward0>)
Accuracy =  tensor(0.0104)
Epoch =  437 / 1000
Loss =  tensor(46.2335, grad_fn=<AddBackward0>)
Accuracy =  tensor(0.0477)
Epoch =  438 / 1000
Loss =  tensor(47.1980, grad_fn=<AddBackward0>)
Accuracy =  tensor(0.5206)
Epoch =  439 / 1000
Loss =  tensor(50.7015, grad_fn=<AddBackward0>)
Accuracy =  tensor(0.0381)
Epoch =  440 / 1000
Loss =  tensor(48.9189, grad_fn=<AddBackward0>)
Accuracy =  tensor(0.0411)
Epoch =  441 / 1000
Loss =  tensor(48.0766, grad_fn=<AddBackward0>)
Accuracy =  tensor(0.0040)
Epoch =  442 / 1000
Loss =  tensor(50.1338, grad_fn=<AddBackward0>)
Accuracy =  tensor(0.0501)
Epoch =  443 / 1000
Loss =  tensor(47.7264, grad_fn=<AddBackward0>)
Accuracy =  tensor(0.5447)
Epoch =  444 / 1000
Loss =  tensor(49.3082, grad_fn=<AddBackward0>)
Accuracy =  tensor(0.0080)
Epoch =  445 / 1000
Loss =  tensor(49.3905, grad_fn=<AddBackward0>)
Accuracy =  tensor(0.0887)
Epoch =  446 / 1000
Loss =  tensor(49.4255, grad_fn=<AddBackward0>)
Accuracy =  tensor(0.0848)
Epoch =  447 / 1000
Loss =  tensor(50.0947, grad_fn=<AddBackward0>)
Accuracy =  tensor(0.0626)
Epoch =  448 / 1000
Loss =  tensor(46.3528, grad_fn=<AddBackward0>)
Accuracy =  tensor(0.0367)
Epoch =  449 / 1000
Loss =  tensor(47.5481, grad_fn=<AddBackward0>)
Accuracy =  tensor(0.0087)
Epoch =  450 / 1000
Loss =  tensor(48.6421, grad_fn=<AddBackward0>)
Accuracy =  tensor(0.0913)
Epoch =  451 / 1000
Loss =  tensor(47.1704, grad_fn=<AddBackward0>)
Accuracy =  tensor(0.0497)
Epoch =  452 / 1000
Loss =  tensor(47.7856, grad_fn=<AddBackward0>)
Accuracy =  tensor(0.0415)
Epoch =  453 / 1000
Loss =  tensor(50.8295, grad_fn=<AddBackward0>)
Accuracy =  tensor(0.0515)
Epoch =  454 / 1000
Loss =  tensor(50.0925, grad_fn=<AddBackward0>)
Accuracy =  tensor(0.0336)
Epoch =  455 / 1000
Loss =  tensor(51.2393, grad_fn=<AddBackward0>)
Accuracy =  tensor(0.0631)
Epoch =  456 / 1000
Loss =  tensor(52.9859, grad_fn=<AddBackward0>)
Accuracy =  tensor(0.0787)
Epoch =  457 / 1000
Loss =  tensor(51.0932, grad_fn=<AddBackward0>)
Accuracy =  tensor(0.0318)
Epoch =  458 / 1000
Loss =  tensor(51.2586, grad_fn=<AddBackward0>)
Accuracy =  tensor(0.1069)
Epoch =  459 / 1000
Loss =  tensor(45.7457, grad_fn=<AddBackward0>)
Accuracy =  tensor(0.5775)
Epoch =  460 / 1000
Loss =  tensor(51.1223, grad_fn=<AddBackward0>)
Accuracy =  tensor(0.0810)
Epoch =  461 / 1000
Loss =  tensor(48.7672, grad_fn=<AddBackward0>)
Accuracy =  tensor(0.0262)
Epoch =  462 / 1000
Loss =  tensor(49.5884, grad_fn=<AddBackward0>)
Accuracy =  tensor(0.1168)
Epoch =  463 / 1000
Loss =  tensor(50.6235, grad_fn=<AddBackward0>)
Accuracy =  tensor(0.0619)
Epoch =  464 / 1000
Loss =  tensor(43.8536, grad_fn=<AddBackward0>)
Accuracy =  tensor(0.6130)
Epoch =  465 / 1000
Loss =  tensor(50.0603, grad_fn=<AddBackward0>)
Accuracy =  tensor(0.1250)
Epoch =  466 / 1000
Loss =  tensor(49.3128, grad_fn=<AddBackward0>)
Accuracy =  tensor(0.0140)
Epoch =  467 / 1000
Loss =  tensor(49.3062, grad_fn=<AddBackward0>)
Accuracy =  tensor(0.0732)
Epoch =  468 / 1000
Loss =  tensor(48.4739, grad_fn=<AddBackward0>)
Accuracy =  tensor(0.5170)
Epoch =  469 / 1000
Loss =  tensor(49.5745, grad_fn=<AddBackward0>)
Accuracy =  tensor(0.0378)
Epoch =  470 / 1000
Loss =  tensor(49.3982, grad_fn=<AddBackward0>)
Accuracy =  tensor(0.0482)
Epoch =  471 / 1000
Loss =  tensor(53.0034, grad_fn=<AddBackward0>)
Accuracy =  tensor(0.1025)
Epoch =  472 / 1000
Loss =  tensor(50.1628, grad_fn=<AddBackward0>)
Accuracy =  tensor(0.0938)
Epoch =  473 / 1000
Loss =  tensor(46.7715, grad_fn=<AddBackward0>)
Accuracy =  tensor(0.)
Epoch =  474 / 1000
Loss =  tensor(50.3038, grad_fn=<AddBackward0>)
Accuracy =  tensor(0.1553)
Epoch =  475 / 1000
Loss =  tensor(49.7777, grad_fn=<AddBackward0>)
Accuracy =  tensor(0.0921)
Epoch =  476 / 1000
Loss =  tensor(50.3423, grad_fn=<AddBackward0>)
Accuracy =  tensor(0.1308)
Epoch =  477 / 1000
Loss =  tensor(51.6725, grad_fn=<AddBackward0>)
Accuracy =  tensor(0.0835)
Epoch =  478 / 1000
Loss =  tensor(48.1283, grad_fn=<AddBackward0>)
Accuracy =  tensor(0.0123)
Epoch =  479 / 1000
Loss =  tensor(47.8714, grad_fn=<AddBackward0>)
Accuracy =  tensor(0.0716)
Epoch =  480 / 1000
Loss =  tensor(47.0914, grad_fn=<AddBackward0>)
Accuracy =  tensor(0.0129)
Epoch =  481 / 1000
Loss =  tensor(47.6915, grad_fn=<AddBackward0>)
Accuracy =  tensor(0.0103)
Epoch =  482 / 1000
Loss =  tensor(47.3099, grad_fn=<AddBackward0>)
Accuracy =  tensor(0.0317)
Epoch =  483 / 1000
Loss =  tensor(52.7085, grad_fn=<AddBackward0>)
Accuracy =  tensor(0.1124)
Epoch =  484 / 1000
Loss =  tensor(48.5454, grad_fn=<AddBackward0>)
Accuracy =  tensor(0.0529)
Epoch =  485 / 1000
Loss =  tensor(50.6935, grad_fn=<AddBackward0>)
Accuracy =  tensor(0.0862)
Epoch =  486 / 1000
Loss =  tensor(49.4595, grad_fn=<AddBackward0>)
Accuracy =  tensor(0.0560)
Epoch =  487 / 1000
Loss =  tensor(46.5602, grad_fn=<AddBackward0>)
Accuracy =  tensor(0.0602)
Epoch =  488 / 1000
Loss =  tensor(47.7659, grad_fn=<AddBackward0>)
Accuracy =  tensor(0.0534)
Epoch =  489 / 1000
Loss =  tensor(47.3824, grad_fn=<AddBackward0>)
Accuracy =  tensor(0.0167)
Epoch =  490 / 1000
Loss =  tensor(47.8475, grad_fn=<AddBackward0>)
Accuracy =  tensor(0.1315)
Epoch =  491 / 1000
Loss =  tensor(49.2620, grad_fn=<AddBackward0>)
Accuracy =  tensor(0.0862)
Epoch =  492 / 1000
Loss =  tensor(50.5584, grad_fn=<AddBackward0>)
Accuracy =  tensor(0.0878)
Epoch =  493 / 1000
Loss =  tensor(50.6201, grad_fn=<AddBackward0>)
Accuracy =  tensor(0.0852)
Epoch =  494 / 1000
Loss =  tensor(47.9775, grad_fn=<AddBackward0>)
Accuracy =  tensor(0.0455)
Epoch =  495 / 1000
Loss =  tensor(49.7919, grad_fn=<AddBackward0>)
Accuracy =  tensor(0.0081)
Epoch =  496 / 1000
Loss =  tensor(50.7934, grad_fn=<AddBackward0>)
Accuracy =  tensor(0.0976)
Epoch =  497 / 1000
Loss =  tensor(51.4147, grad_fn=<AddBackward0>)
Accuracy =  tensor(0.0441)
Epoch =  498 / 1000
Loss =  tensor(48.3450, grad_fn=<AddBackward0>)
Accuracy =  tensor(0.0149)
Epoch =  499 / 1000
Loss =  tensor(50.4611, grad_fn=<AddBackward0>)
Accuracy =  tensor(0.0542)
Epoch =  500 / 1000
Loss =  tensor(45.8935, grad_fn=<AddBackward0>)
Accuracy =  tensor(0.5466)
Epoch =  501 / 1000
Loss =  tensor(50.7761, grad_fn=<AddBackward0>)
Accuracy =  tensor(0.0966)
Epoch =  502 / 1000
Loss =  tensor(47.6112, grad_fn=<AddBackward0>)
Accuracy =  tensor(0.0552)
Epoch =  503 / 1000
Loss =  tensor(46.0058, grad_fn=<AddBackward0>)
Accuracy =  tensor(0.0158)
Epoch =  504 / 1000
Loss =  tensor(48.4087, grad_fn=<AddBackward0>)
Accuracy =  tensor(0.0596)
Epoch =  505 / 1000
Loss =  tensor(49.9435, grad_fn=<AddBackward0>)
Accuracy =  tensor(0.0610)
Epoch =  506 / 1000
Loss =  tensor(48.7851, grad_fn=<AddBackward0>)
Accuracy =  tensor(0.0829)
Epoch =  507 / 1000
Loss =  tensor(51.3060, grad_fn=<AddBackward0>)
Accuracy =  tensor(0.0924)
Epoch =  508 / 1000
Loss =  tensor(48.9139, grad_fn=<AddBackward0>)
Accuracy =  tensor(0.0741)
Epoch =  509 / 1000
Loss =  tensor(50.1409, grad_fn=<AddBackward0>)
Accuracy =  tensor(0.1179)
Epoch =  510 / 1000
Loss =  tensor(49.7714, grad_fn=<AddBackward0>)
Accuracy =  tensor(0.1026)
Epoch =  511 / 1000
Loss =  tensor(46.3276, grad_fn=<AddBackward0>)
Accuracy =  tensor(0.6086)
Epoch =  512 / 1000
Loss =  tensor(48.8831, grad_fn=<AddBackward0>)
Accuracy =  tensor(0.0779)
Epoch =  513 / 1000
Loss =  tensor(49.8676, grad_fn=<AddBackward0>)
Accuracy =  tensor(0.1190)
Epoch =  514 / 1000
Loss =  tensor(49.6909, grad_fn=<AddBackward0>)
Accuracy =  tensor(0.0585)
Epoch =  515 / 1000
Loss =  tensor(50.8500, grad_fn=<AddBackward0>)
Accuracy =  tensor(0.1286)
Epoch =  516 / 1000
Loss =  tensor(49.7505, grad_fn=<AddBackward0>)
Accuracy =  tensor(0.0751)
Epoch =  517 / 1000
Loss =  tensor(48.2672, grad_fn=<AddBackward0>)
Accuracy =  tensor(0.0460)
Epoch =  518 / 1000
Loss =  tensor(48.7424, grad_fn=<AddBackward0>)
Accuracy =  tensor(0.0886)
Epoch =  519 / 1000
Loss =  tensor(47.6966, grad_fn=<AddBackward0>)
Accuracy =  tensor(0.0151)
Epoch =  520 / 1000
Loss =  tensor(48.2338, grad_fn=<AddBackward0>)
Accuracy =  tensor(0.1120)
Epoch =  521 / 1000
Loss =  tensor(48.8659, grad_fn=<AddBackward0>)
Accuracy =  tensor(0.0403)
Epoch =  522 / 1000
Loss =  tensor(47.2374, grad_fn=<AddBackward0>)
Accuracy =  tensor(0.0042)
Epoch =  523 / 1000
Loss =  tensor(49.2378, grad_fn=<AddBackward0>)
Accuracy =  tensor(0.0339)
Epoch =  524 / 1000
Loss =  tensor(45.7272, grad_fn=<AddBackward0>)
Accuracy =  tensor(0.5668)
Epoch =  525 / 1000
Loss =  tensor(47.8004, grad_fn=<AddBackward0>)
Accuracy =  tensor(0.0195)
Epoch =  526 / 1000
Loss =  tensor(45.0110, grad_fn=<AddBackward0>)
Accuracy =  tensor(0.5496)
Epoch =  527 / 1000
Loss =  tensor(47.6480, grad_fn=<AddBackward0>)
Accuracy =  tensor(0.1203)
Epoch =  528 / 1000
Loss =  tensor(48.4371, grad_fn=<AddBackward0>)
Accuracy =  tensor(0.0928)
Epoch =  529 / 1000
Loss =  tensor(46.0104, grad_fn=<AddBackward0>)
Accuracy =  tensor(0.6180)
Epoch =  530 / 1000
Loss =  tensor(50.5777, grad_fn=<AddBackward0>)
Accuracy =  tensor(0.0858)
Epoch =  531 / 1000
Loss =  tensor(52.3581, grad_fn=<AddBackward0>)
Accuracy =  tensor(0.0873)
Epoch =  532 / 1000
Loss =  tensor(49.1351, grad_fn=<AddBackward0>)
Accuracy =  tensor(0.0830)
Epoch =  533 / 1000
Loss =  tensor(42.9812, grad_fn=<AddBackward0>)
Accuracy =  tensor(0.6173)
Epoch =  534 / 1000
Loss =  tensor(49.7688, grad_fn=<AddBackward0>)
Accuracy =  tensor(0.0809)
Epoch =  535 / 1000
Loss =  tensor(48.3747, grad_fn=<AddBackward0>)
Accuracy =  tensor(0.0707)
Epoch =  536 / 1000
Loss =  tensor(48.4684, grad_fn=<AddBackward0>)
Accuracy =  tensor(0.0981)
Epoch =  537 / 1000
Loss =  tensor(44.0249, grad_fn=<AddBackward0>)
Accuracy =  tensor(0.0221)
Epoch =  538 / 1000
Loss =  tensor(50.1260, grad_fn=<AddBackward0>)
Accuracy =  tensor(0.1181)
Epoch =  539 / 1000
Loss =  tensor(46.9558, grad_fn=<AddBackward0>)
Accuracy =  tensor(0.0584)
Epoch =  540 / 1000
Loss =  tensor(47.1381, grad_fn=<AddBackward0>)
Accuracy =  tensor(0.0802)
Epoch =  541 / 1000
Loss =  tensor(48.6011, grad_fn=<AddBackward0>)
Accuracy =  tensor(0.0846)
Epoch =  542 / 1000
Loss =  tensor(49.1164, grad_fn=<AddBackward0>)
Accuracy =  tensor(0.0680)
Epoch =  543 / 1000
Loss =  tensor(46.3489, grad_fn=<AddBackward0>)
Accuracy =  tensor(0.0347)
Epoch =  544 / 1000
Loss =  tensor(50.0799, grad_fn=<AddBackward0>)
Accuracy =  tensor(0.0660)
Epoch =  545 / 1000
Loss =  tensor(50.8891, grad_fn=<AddBackward0>)
Accuracy =  tensor(0.0788)
Epoch =  546 / 1000
Loss =  tensor(46.5553, grad_fn=<AddBackward0>)
Accuracy =  tensor(0.0496)
Epoch =  547 / 1000
Loss =  tensor(49.7881, grad_fn=<AddBackward0>)
Accuracy =  tensor(0.0447)
Epoch =  548 / 1000
Loss =  tensor(43.2852, grad_fn=<AddBackward0>)
Accuracy =  tensor(0.6225)
Epoch =  549 / 1000
Loss =  tensor(47.5421, grad_fn=<AddBackward0>)
Accuracy =  tensor(0.0782)
Epoch =  550 / 1000
Loss =  tensor(46.8975, grad_fn=<AddBackward0>)
Accuracy =  tensor(0.0459)
Epoch =  551 / 1000
Loss =  tensor(43.3254, grad_fn=<AddBackward0>)
Accuracy =  tensor(0.6209)
Epoch =  552 / 1000
Loss =  tensor(47.0041, grad_fn=<AddBackward0>)
Accuracy =  tensor(0.0356)
Epoch =  553 / 1000
Loss =  tensor(47.5339, grad_fn=<AddBackward0>)
Accuracy =  tensor(0.0394)
Epoch =  554 / 1000
Loss =  tensor(48.3645, grad_fn=<AddBackward0>)
Accuracy =  tensor(0.0521)
Epoch =  555 / 1000
Loss =  tensor(51.1832, grad_fn=<AddBackward0>)
Accuracy =  tensor(0.0956)
Epoch =  556 / 1000
Loss =  tensor(48.2027, grad_fn=<AddBackward0>)
Accuracy =  tensor(0.0569)
Epoch =  557 / 1000
Loss =  tensor(47.3856, grad_fn=<AddBackward0>)
Accuracy =  tensor(0.1057)
Epoch =  558 / 1000
Loss =  tensor(47.5655, grad_fn=<AddBackward0>)
Accuracy =  tensor(0.1118)
Epoch =  559 / 1000
Loss =  tensor(48.7867, grad_fn=<AddBackward0>)
Accuracy =  tensor(0.0491)
Epoch =  560 / 1000
Loss =  tensor(48.3563, grad_fn=<AddBackward0>)
Accuracy =  tensor(0.0485)
Epoch =  561 / 1000
Loss =  tensor(47.4603, grad_fn=<AddBackward0>)
Accuracy =  tensor(0.0642)
Epoch =  562 / 1000
Loss =  tensor(49.6379, grad_fn=<AddBackward0>)
Accuracy =  tensor(0.0798)
Epoch =  563 / 1000
Loss =  tensor(47.5039, grad_fn=<AddBackward0>)
Accuracy =  tensor(0.0411)
Epoch =  564 / 1000
Loss =  tensor(47.8018, grad_fn=<AddBackward0>)
Accuracy =  tensor(0.0976)
Epoch =  565 / 1000
Loss =  tensor(47.8238, grad_fn=<AddBackward0>)
Accuracy =  tensor(0.0479)
Epoch =  566 / 1000
Loss =  tensor(51.0572, grad_fn=<AddBackward0>)
Accuracy =  tensor(0.0059)
Epoch =  567 / 1000
Loss =  tensor(47.7213, grad_fn=<AddBackward0>)
Accuracy =  tensor(0.0161)
Epoch =  568 / 1000
Loss =  tensor(46.4831, grad_fn=<AddBackward0>)
Accuracy =  tensor(0.0221)
Epoch =  569 / 1000
Loss =  tensor(47.7690, grad_fn=<AddBackward0>)
Accuracy =  tensor(0.0467)
Epoch =  570 / 1000
Loss =  tensor(52.8249, grad_fn=<AddBackward0>)
Accuracy =  tensor(0.0603)
Epoch =  571 / 1000
Loss =  tensor(47.2891, grad_fn=<AddBackward0>)
Accuracy =  tensor(0.0582)
Epoch =  572 / 1000
Loss =  tensor(46.8913, grad_fn=<AddBackward0>)
Accuracy =  tensor(0.0108)
Epoch =  573 / 1000
Loss =  tensor(48.0279, grad_fn=<AddBackward0>)
Accuracy =  tensor(0.0189)
Epoch =  574 / 1000
Loss =  tensor(49.1299, grad_fn=<AddBackward0>)
Accuracy =  tensor(0.1058)
Epoch =  575 / 1000
Loss =  tensor(47.9605, grad_fn=<AddBackward0>)
Accuracy =  tensor(0.0760)
Epoch =  576 / 1000
Loss =  tensor(50.9361, grad_fn=<AddBackward0>)
Accuracy =  tensor(0.1156)
Epoch =  577 / 1000
Loss =  tensor(46.8527, grad_fn=<AddBackward0>)
Accuracy =  tensor(0.0106)
Epoch =  578 / 1000
Loss =  tensor(48.2662, grad_fn=<AddBackward0>)
Accuracy =  tensor(0.0747)
Epoch =  579 / 1000
Loss =  tensor(50.4778, grad_fn=<AddBackward0>)
Accuracy =  tensor(0.1233)
Epoch =  580 / 1000
Loss =  tensor(46.9312, grad_fn=<AddBackward0>)
Accuracy =  tensor(0.0543)
Epoch =  581 / 1000
Loss =  tensor(51.2286, grad_fn=<AddBackward0>)
Accuracy =  tensor(0.1233)
Epoch =  582 / 1000
Loss =  tensor(47.1111, grad_fn=<AddBackward0>)
Accuracy =  tensor(0.0845)
Epoch =  583 / 1000
Loss =  tensor(49.7988, grad_fn=<AddBackward0>)
Accuracy =  tensor(0.0885)
Epoch =  584 / 1000
Loss =  tensor(48.0540, grad_fn=<AddBackward0>)
Accuracy =  tensor(0.0733)
Epoch =  585 / 1000
Loss =  tensor(49.4172, grad_fn=<AddBackward0>)
Accuracy =  tensor(0.0822)
Epoch =  586 / 1000
Loss =  tensor(46.0477, grad_fn=<AddBackward0>)
Accuracy =  tensor(0.0161)
Epoch =  587 / 1000
Loss =  tensor(50.6882, grad_fn=<AddBackward0>)
Accuracy =  tensor(0.0887)
Epoch =  588 / 1000
Loss =  tensor(46.7949, grad_fn=<AddBackward0>)
Accuracy =  tensor(0.5563)
Epoch =  589 / 1000
Loss =  tensor(47.1304, grad_fn=<AddBackward0>)
Accuracy =  tensor(0.5338)
Epoch =  590 / 1000
Loss =  tensor(46.7186, grad_fn=<AddBackward0>)
Accuracy =  tensor(0.5591)
Epoch =  591 / 1000
Loss =  tensor(45.1425, grad_fn=<AddBackward0>)
Accuracy =  tensor(0.5373)
Epoch =  592 / 1000
Loss =  tensor(45.5405, grad_fn=<AddBackward0>)
Accuracy =  tensor(0.0275)
Epoch =  593 / 1000
Loss =  tensor(51.1437, grad_fn=<AddBackward0>)
Accuracy =  tensor(0.1101)
Epoch =  594 / 1000
Loss =  tensor(45.2507, grad_fn=<AddBackward0>)
Accuracy =  tensor(0.)
Epoch =  595 / 1000
Loss =  tensor(48.7733, grad_fn=<AddBackward0>)
Accuracy =  tensor(0.0949)
Epoch =  596 / 1000
Loss =  tensor(46.8631, grad_fn=<AddBackward0>)
Accuracy =  tensor(0.0714)
Epoch =  597 / 1000
Loss =  tensor(47.6735, grad_fn=<AddBackward0>)
Accuracy =  tensor(0.0130)
Epoch =  598 / 1000
Loss =  tensor(47.2283, grad_fn=<AddBackward0>)
Accuracy =  tensor(0.0285)
Epoch =  599 / 1000
Loss =  tensor(46.4883, grad_fn=<AddBackward0>)
Accuracy =  tensor(0.0488)
Epoch =  600 / 1000
Loss =  tensor(48.8548, grad_fn=<AddBackward0>)
Accuracy =  tensor(0.0936)
Epoch =  601 / 1000
Loss =  tensor(48.7973, grad_fn=<AddBackward0>)
Accuracy =  tensor(0.0914)
Epoch =  602 / 1000
Loss =  tensor(49.9455, grad_fn=<AddBackward0>)
Accuracy =  tensor(0.1111)
Epoch =  603 / 1000
Loss =  tensor(48.0933, grad_fn=<AddBackward0>)
Accuracy =  tensor(0.0535)
Epoch =  604 / 1000
Loss =  tensor(52.1154, grad_fn=<AddBackward0>)
Accuracy =  tensor(0.1944)
Epoch =  605 / 1000
Loss =  tensor(48.8645, grad_fn=<AddBackward0>)
Accuracy =  tensor(0.0688)
Epoch =  606 / 1000
Loss =  tensor(48.9150, grad_fn=<AddBackward0>)
Accuracy =  tensor(0.0954)
Epoch =  607 / 1000
Loss =  tensor(45.2949, grad_fn=<AddBackward0>)
Accuracy =  tensor(0.0562)
Epoch =  608 / 1000
Loss =  tensor(47.0394, grad_fn=<AddBackward0>)
Accuracy =  tensor(0.0655)
Epoch =  609 / 1000
Loss =  tensor(47.7093, grad_fn=<AddBackward0>)
Accuracy =  tensor(0.0468)
Epoch =  610 / 1000
Loss =  tensor(49.1618, grad_fn=<AddBackward0>)
Accuracy =  tensor(0.0800)
Epoch =  611 / 1000
Loss =  tensor(43.7232, grad_fn=<AddBackward0>)
Accuracy =  tensor(0.6104)
Epoch =  612 / 1000
Loss =  tensor(49.0196, grad_fn=<AddBackward0>)
Accuracy =  tensor(0.0244)
Epoch =  613 / 1000
Loss =  tensor(44.0888, grad_fn=<AddBackward0>)
Accuracy =  tensor(0.0174)
Epoch =  614 / 1000
Loss =  tensor(47.0407, grad_fn=<AddBackward0>)
Accuracy =  tensor(0.5747)
Epoch =  615 / 1000
Loss =  tensor(48.1398, grad_fn=<AddBackward0>)
Accuracy =  tensor(0.0669)
Epoch =  616 / 1000
Loss =  tensor(51.7751, grad_fn=<AddBackward0>)
Accuracy =  tensor(0.1119)
Epoch =  617 / 1000
Loss =  tensor(48.0013, grad_fn=<AddBackward0>)
Accuracy =  tensor(0.0760)
Epoch =  618 / 1000
Loss =  tensor(47.4101, grad_fn=<AddBackward0>)
Accuracy =  tensor(0.0661)
Epoch =  619 / 1000
Loss =  tensor(45.1130, grad_fn=<AddBackward0>)
Accuracy =  tensor(0.6048)
Epoch =  620 / 1000
Loss =  tensor(48.5477, grad_fn=<AddBackward0>)
Accuracy =  tensor(0.0641)
Epoch =  621 / 1000
Loss =  tensor(45.8768, grad_fn=<AddBackward0>)
Accuracy =  tensor(0.5627)
Epoch =  622 / 1000
Loss =  tensor(49.4112, grad_fn=<AddBackward0>)
Accuracy =  tensor(0.0549)
Epoch =  623 / 1000
Loss =  tensor(52.6396, grad_fn=<AddBackward0>)
Accuracy =  tensor(0.0711)
Epoch =  624 / 1000
Loss =  tensor(49.2464, grad_fn=<AddBackward0>)
Accuracy =  tensor(0.0568)
Epoch =  625 / 1000
Loss =  tensor(45.1153, grad_fn=<AddBackward0>)
Accuracy =  tensor(0.5940)
Epoch =  626 / 1000
Loss =  tensor(49.6100, grad_fn=<AddBackward0>)
Accuracy =  tensor(0.0611)
Epoch =  627 / 1000
Loss =  tensor(43.9916, grad_fn=<AddBackward0>)
Accuracy =  tensor(0.5642)
Epoch =  628 / 1000
Loss =  tensor(49.5773, grad_fn=<AddBackward0>)
Accuracy =  tensor(0.0415)
Epoch =  629 / 1000
Loss =  tensor(54.5492, grad_fn=<AddBackward0>)
Accuracy =  tensor(0.1190)
Epoch =  630 / 1000
Loss =  tensor(49.6556, grad_fn=<AddBackward0>)
Accuracy =  tensor(0.0468)
Epoch =  631 / 1000
Loss =  tensor(49.3826, grad_fn=<AddBackward0>)
Accuracy =  tensor(0.0936)
Epoch =  632 / 1000
Loss =  tensor(50.6753, grad_fn=<AddBackward0>)
Accuracy =  tensor(0.0926)
Epoch =  633 / 1000
Loss =  tensor(54.0095, grad_fn=<AddBackward0>)
Accuracy =  tensor(0.1580)
Epoch =  634 / 1000
Loss =  tensor(47.2004, grad_fn=<AddBackward0>)
Accuracy =  tensor(0.0157)
Epoch =  635 / 1000
Loss =  tensor(45.9644, grad_fn=<AddBackward0>)
Accuracy =  tensor(0.0507)
Epoch =  636 / 1000
Loss =  tensor(47.5746, grad_fn=<AddBackward0>)
Accuracy =  tensor(0.0892)
Epoch =  637 / 1000
Loss =  tensor(46.5064, grad_fn=<AddBackward0>)
Accuracy =  tensor(0.0022)
Epoch =  638 / 1000
Loss =  tensor(49.1882, grad_fn=<AddBackward0>)
Accuracy =  tensor(0.0935)
Epoch =  639 / 1000
Loss =  tensor(45.3998, grad_fn=<AddBackward0>)
Accuracy =  tensor(0.0276)
Epoch =  640 / 1000
Loss =  tensor(48.3494, grad_fn=<AddBackward0>)
Accuracy =  tensor(0.0444)
Epoch =  641 / 1000
Loss =  tensor(50.1656, grad_fn=<AddBackward0>)
Accuracy =  tensor(0.0326)
Epoch =  642 / 1000
Loss =  tensor(44.9440, grad_fn=<AddBackward0>)
Accuracy =  tensor(0.0112)
Epoch =  643 / 1000
Loss =  tensor(47.4679, grad_fn=<AddBackward0>)
Accuracy =  tensor(0.0379)
Epoch =  644 / 1000
Loss =  tensor(50.1547, grad_fn=<AddBackward0>)
Accuracy =  tensor(0.0749)
Epoch =  645 / 1000
Loss =  tensor(48.4693, grad_fn=<AddBackward0>)
Accuracy =  tensor(0.0463)
Epoch =  646 / 1000
Loss =  tensor(47.5487, grad_fn=<AddBackward0>)
Accuracy =  tensor(0.0212)
Epoch =  647 / 1000
Loss =  tensor(48.1883, grad_fn=<AddBackward0>)
Accuracy =  tensor(0.0196)
Epoch =  648 / 1000
Loss =  tensor(50.6910, grad_fn=<AddBackward0>)
Accuracy =  tensor(0.0887)
Epoch =  649 / 1000
Loss =  tensor(48.3622, grad_fn=<AddBackward0>)
Accuracy =  tensor(0.0041)
Epoch =  650 / 1000
Loss =  tensor(50.3642, grad_fn=<AddBackward0>)
Accuracy =  tensor(0.0537)
Epoch =  651 / 1000
Loss =  tensor(48.4142, grad_fn=<AddBackward0>)
Accuracy =  tensor(0.5270)
Epoch =  652 / 1000
Loss =  tensor(48.7136, grad_fn=<AddBackward0>)
Accuracy =  tensor(0.0520)
Epoch =  653 / 1000
Loss =  tensor(47.6549, grad_fn=<AddBackward0>)
Accuracy =  tensor(0.0304)
Epoch =  654 / 1000
Loss =  tensor(46.0776, grad_fn=<AddBackward0>)
Accuracy =  tensor(0.0203)
Epoch =  655 / 1000
Loss =  tensor(46.9702, grad_fn=<AddBackward0>)
Accuracy =  tensor(0.)
Epoch =  656 / 1000
Loss =  tensor(47.0990, grad_fn=<AddBackward0>)
Accuracy =  tensor(0.0610)
Epoch =  657 / 1000
Loss =  tensor(47.8128, grad_fn=<AddBackward0>)
Accuracy =  tensor(0.0304)
Epoch =  658 / 1000
Loss =  tensor(47.7230, grad_fn=<AddBackward0>)
Accuracy =  tensor(0.0737)
Epoch =  659 / 1000
Loss =  tensor(46.8291, grad_fn=<AddBackward0>)
Accuracy =  tensor(0.0112)
Epoch =  660 / 1000
Loss =  tensor(50.9068, grad_fn=<AddBackward0>)
Accuracy =  tensor(0.0380)
Epoch =  661 / 1000
Loss =  tensor(51.2037, grad_fn=<AddBackward0>)
Accuracy =  tensor(0.0710)
Epoch =  662 / 1000
Loss =  tensor(52.0013, grad_fn=<AddBackward0>)
Accuracy =  tensor(0.0851)
Epoch =  663 / 1000
Loss =  tensor(46.6203, grad_fn=<AddBackward0>)
Accuracy =  tensor(0.0189)
Epoch =  664 / 1000
Loss =  tensor(49.5011, grad_fn=<AddBackward0>)
Accuracy =  tensor(0.0100)
Epoch =  665 / 1000
Loss =  tensor(46.0107, grad_fn=<AddBackward0>)
Accuracy =  tensor(0.5894)
Epoch =  666 / 1000
Loss =  tensor(48.5775, grad_fn=<AddBackward0>)
Accuracy =  tensor(0.0865)
Epoch =  667 / 1000
Loss =  tensor(48.6819, grad_fn=<AddBackward0>)
Accuracy =  tensor(0.0633)
Epoch =  668 / 1000
Loss =  tensor(49.1940, grad_fn=<AddBackward0>)
Accuracy =  tensor(0.0692)
Epoch =  669 / 1000
Loss =  tensor(44.8144, grad_fn=<AddBackward0>)
Accuracy =  tensor(0.5852)
Epoch =  670 / 1000
Loss =  tensor(48.2584, grad_fn=<AddBackward0>)
Accuracy =  tensor(0.1000)
Epoch =  671 / 1000
Loss =  tensor(49.7734, grad_fn=<AddBackward0>)
Accuracy =  tensor(0.0284)
Epoch =  672 / 1000
Loss =  tensor(44.2161, grad_fn=<AddBackward0>)
Accuracy =  tensor(0.5659)
Epoch =  673 / 1000
Loss =  tensor(49.2428, grad_fn=<AddBackward0>)
Accuracy =  tensor(0.0870)
Epoch =  674 / 1000
Loss =  tensor(47.9619, grad_fn=<AddBackward0>)
Accuracy =  tensor(0.1017)
Epoch =  675 / 1000
Loss =  tensor(51.0107, grad_fn=<AddBackward0>)
Accuracy =  tensor(0.0779)
Epoch =  676 / 1000
Loss =  tensor(51.1081, grad_fn=<AddBackward0>)
Accuracy =  tensor(0.1020)
Epoch =  677 / 1000
Loss =  tensor(46.7324, grad_fn=<AddBackward0>)
Accuracy =  tensor(0.5919)
Epoch =  678 / 1000
Loss =  tensor(44.9821, grad_fn=<AddBackward0>)
Accuracy =  tensor(0.0071)
Epoch =  679 / 1000
Loss =  tensor(50.1404, grad_fn=<AddBackward0>)
Accuracy =  tensor(0.0906)
Epoch =  680 / 1000
Loss =  tensor(49.2684, grad_fn=<AddBackward0>)
Accuracy =  tensor(0.0471)
Epoch =  681 / 1000
Loss =  tensor(48.1707, grad_fn=<AddBackward0>)
Accuracy =  tensor(0.0879)
Epoch =  682 / 1000
Loss =  tensor(46.6782, grad_fn=<AddBackward0>)
Accuracy =  tensor(0.0494)
Epoch =  683 / 1000
Loss =  tensor(49.7396, grad_fn=<AddBackward0>)
Accuracy =  tensor(0.1008)
Epoch =  684 / 1000
Loss =  tensor(48.5674, grad_fn=<AddBackward0>)
Accuracy =  tensor(0.1100)
Epoch =  685 / 1000
Loss =  tensor(50.5705, grad_fn=<AddBackward0>)
Accuracy =  tensor(0.0759)
Epoch =  686 / 1000
Loss =  tensor(47.7178, grad_fn=<AddBackward0>)
Accuracy =  tensor(0.0971)
Epoch =  687 / 1000
Loss =  tensor(48.2619, grad_fn=<AddBackward0>)
Accuracy =  tensor(0.0958)
Epoch =  688 / 1000
Loss =  tensor(47.6446, grad_fn=<AddBackward0>)
Accuracy =  tensor(0.0460)
Epoch =  689 / 1000
Loss =  tensor(45.3765, grad_fn=<AddBackward0>)
Accuracy =  tensor(0.0448)
Epoch =  690 / 1000
Loss =  tensor(47.8691, grad_fn=<AddBackward0>)
Accuracy =  tensor(0.0783)
Epoch =  691 / 1000
Loss =  tensor(46.8884, grad_fn=<AddBackward0>)
Accuracy =  tensor(0.0655)
Epoch =  692 / 1000
Loss =  tensor(47.5736, grad_fn=<AddBackward0>)
Accuracy =  tensor(0.0852)
Epoch =  693 / 1000
Loss =  tensor(47.7985, grad_fn=<AddBackward0>)
Accuracy =  tensor(0.0345)
Epoch =  694 / 1000
Loss =  tensor(45.3940, grad_fn=<AddBackward0>)
Accuracy =  tensor(0.0487)
Epoch =  695 / 1000
Loss =  tensor(46.3918, grad_fn=<AddBackward0>)
Accuracy =  tensor(0.0147)
Epoch =  696 / 1000
Loss =  tensor(43.5658, grad_fn=<AddBackward0>)
Accuracy =  tensor(0.0243)
Epoch =  697 / 1000
Loss =  tensor(50.1795, grad_fn=<AddBackward0>)
Accuracy =  tensor(0.0907)
Epoch =  698 / 1000
Loss =  tensor(44.9832, grad_fn=<AddBackward0>)
Accuracy =  tensor(0.0453)
Epoch =  699 / 1000
Loss =  tensor(51.8462, grad_fn=<AddBackward0>)
Accuracy =  tensor(0.1143)
Epoch =  700 / 1000
Loss =  tensor(48.2729, grad_fn=<AddBackward0>)
Accuracy =  tensor(0.0396)
Epoch =  701 / 1000
Loss =  tensor(49.4159, grad_fn=<AddBackward0>)
Accuracy =  tensor(0.0930)
Epoch =  702 / 1000
Loss =  tensor(46.2018, grad_fn=<AddBackward0>)
Accuracy =  tensor(0.1087)
Epoch =  703 / 1000
Loss =  tensor(46.4341, grad_fn=<AddBackward0>)
Accuracy =  tensor(0.0023)
Epoch =  704 / 1000
Loss =  tensor(46.6829, grad_fn=<AddBackward0>)
Accuracy =  tensor(0.0047)
Epoch =  705 / 1000
Loss =  tensor(46.0364, grad_fn=<AddBackward0>)
Accuracy =  tensor(0.0433)
Epoch =  706 / 1000
Loss =  tensor(45.8132, grad_fn=<AddBackward0>)
Accuracy =  tensor(0.0044)
Epoch =  707 / 1000
Loss =  tensor(49.2091, grad_fn=<AddBackward0>)
Accuracy =  tensor(0.1023)
Epoch =  708 / 1000
Loss =  tensor(48.5200, grad_fn=<AddBackward0>)
Accuracy =  tensor(0.1006)
Epoch =  709 / 1000
Loss =  tensor(47.7542, grad_fn=<AddBackward0>)
Accuracy =  tensor(0.0948)
Epoch =  710 / 1000
Loss =  tensor(48.0134, grad_fn=<AddBackward0>)
Accuracy =  tensor(0.1233)
Epoch =  711 / 1000
Loss =  tensor(49.4524, grad_fn=<AddBackward0>)
Accuracy =  tensor(0.0881)
Epoch =  712 / 1000
Loss =  tensor(48.1746, grad_fn=<AddBackward0>)
Accuracy =  tensor(0.0996)
Epoch =  713 / 1000
Loss =  tensor(47.5470, grad_fn=<AddBackward0>)
Accuracy =  tensor(0.1042)
Epoch =  714 / 1000
Loss =  tensor(47.1426, grad_fn=<AddBackward0>)
Accuracy =  tensor(0.0850)
Epoch =  715 / 1000
Loss =  tensor(50.6000, grad_fn=<AddBackward0>)
Accuracy =  tensor(0.1309)
Epoch =  716 / 1000
Loss =  tensor(48.1580, grad_fn=<AddBackward0>)
Accuracy =  tensor(0.1181)
Epoch =  717 / 1000
Loss =  tensor(52.0038, grad_fn=<AddBackward0>)
Accuracy =  tensor(0.1731)
Epoch =  718 / 1000
Loss =  tensor(47.4942, grad_fn=<AddBackward0>)
Accuracy =  tensor(0.1431)
Epoch =  719 / 1000
Loss =  tensor(47.8093, grad_fn=<AddBackward0>)
Accuracy =  tensor(0.0393)
Epoch =  720 / 1000
Loss =  tensor(44.7014, grad_fn=<AddBackward0>)
Accuracy =  tensor(0.0097)
Epoch =  721 / 1000
Loss =  tensor(49.0466, grad_fn=<AddBackward0>)
Accuracy =  tensor(0.1358)
Epoch =  722 / 1000
Loss =  tensor(45.5549, grad_fn=<AddBackward0>)
Accuracy =  tensor(0.0184)
Epoch =  723 / 1000
Loss =  tensor(49.1077, grad_fn=<AddBackward0>)
Accuracy =  tensor(0.0753)
Epoch =  724 / 1000
Loss =  tensor(46.6225, grad_fn=<AddBackward0>)
Accuracy =  tensor(0.0404)
Epoch =  725 / 1000
Loss =  tensor(49.7768, grad_fn=<AddBackward0>)
Accuracy =  tensor(0.0797)
Epoch =  726 / 1000
Loss =  tensor(47.4315, grad_fn=<AddBackward0>)
Accuracy =  tensor(0.0354)
Epoch =  727 / 1000
Loss =  tensor(47.0901, grad_fn=<AddBackward0>)
Accuracy =  tensor(0.0114)
Epoch =  728 / 1000
Loss =  tensor(47.2715, grad_fn=<AddBackward0>)
Accuracy =  tensor(0.5588)
Epoch =  729 / 1000
Loss =  tensor(47.1850, grad_fn=<AddBackward0>)
Accuracy =  tensor(0.5443)
Epoch =  730 / 1000
Loss =  tensor(46.6811, grad_fn=<AddBackward0>)
Accuracy =  tensor(0.0201)
Epoch =  731 / 1000
Loss =  tensor(45.6584, grad_fn=<AddBackward0>)
Accuracy =  tensor(0.0389)
Epoch =  732 / 1000
Loss =  tensor(45.8044, grad_fn=<AddBackward0>)
Accuracy =  tensor(0.5849)
Epoch =  733 / 1000
Loss =  tensor(48.5735, grad_fn=<AddBackward0>)
Accuracy =  tensor(0.0784)
Epoch =  734 / 1000
Loss =  tensor(48.1842, grad_fn=<AddBackward0>)
Accuracy =  tensor(0.0818)
Epoch =  735 / 1000
Loss =  tensor(52.3451, grad_fn=<AddBackward0>)
Accuracy =  tensor(0.1551)
Epoch =  736 / 1000
Loss =  tensor(44.3667, grad_fn=<AddBackward0>)
Accuracy =  tensor(0.5929)
Epoch =  737 / 1000
Loss =  tensor(50.3821, grad_fn=<AddBackward0>)
Accuracy =  tensor(0.1089)
Epoch =  738 / 1000
Loss =  tensor(49.1190, grad_fn=<AddBackward0>)
Accuracy =  tensor(0.1029)
Epoch =  739 / 1000
Loss =  tensor(53.1806, grad_fn=<AddBackward0>)
Accuracy =  tensor(0.1687)
Epoch =  740 / 1000
Loss =  tensor(51.1386, grad_fn=<AddBackward0>)
Accuracy =  tensor(0.1043)
Epoch =  741 / 1000
Loss =  tensor(47.9932, grad_fn=<AddBackward0>)
Accuracy =  tensor(0.0820)
Epoch =  742 / 1000
Loss =  tensor(49.0359, grad_fn=<AddBackward0>)
Accuracy =  tensor(0.1016)
Epoch =  743 / 1000
Loss =  tensor(50.0039, grad_fn=<AddBackward0>)
Accuracy =  tensor(0.0935)
Epoch =  744 / 1000
Loss =  tensor(49.9525, grad_fn=<AddBackward0>)
Accuracy =  tensor(0.1115)
Epoch =  745 / 1000
Loss =  tensor(47.7943, grad_fn=<AddBackward0>)
Accuracy =  tensor(0.0952)
Epoch =  746 / 1000
Loss =  tensor(48.4263, grad_fn=<AddBackward0>)
Accuracy =  tensor(0.0840)
Epoch =  747 / 1000
Loss =  tensor(51.5498, grad_fn=<AddBackward0>)
Accuracy =  tensor(0.1394)
Epoch =  748 / 1000
Loss =  tensor(49.2860, grad_fn=<AddBackward0>)
Accuracy =  tensor(0.0886)
Epoch =  749 / 1000
Loss =  tensor(44.3258, grad_fn=<AddBackward0>)
Accuracy =  tensor(0.5850)
Epoch =  750 / 1000
Loss =  tensor(50.8992, grad_fn=<AddBackward0>)
Accuracy =  tensor(0.1180)
Epoch =  751 / 1000
Loss =  tensor(45.6781, grad_fn=<AddBackward0>)
Accuracy =  tensor(0.0347)
Epoch =  752 / 1000
Loss =  tensor(53.2205, grad_fn=<AddBackward0>)
Accuracy =  tensor(0.1330)
Epoch =  753 / 1000
Loss =  tensor(50.5078, grad_fn=<AddBackward0>)
Accuracy =  tensor(0.0989)
Epoch =  754 / 1000
Loss =  tensor(49.5287, grad_fn=<AddBackward0>)
Accuracy =  tensor(0.0514)
Epoch =  755 / 1000
Loss =  tensor(48.6780, grad_fn=<AddBackward0>)
Accuracy =  tensor(0.0775)
Epoch =  756 / 1000
Loss =  tensor(50.5454, grad_fn=<AddBackward0>)
Accuracy =  tensor(0.1312)
Epoch =  757 / 1000
Loss =  tensor(47.4222, grad_fn=<AddBackward0>)
Accuracy =  tensor(0.0607)
Epoch =  758 / 1000
Loss =  tensor(49.3236, grad_fn=<AddBackward0>)
Accuracy =  tensor(0.0707)
Epoch =  759 / 1000
Loss =  tensor(51.7287, grad_fn=<AddBackward0>)
Accuracy =  tensor(0.1610)
Epoch =  760 / 1000
Loss =  tensor(47.8465, grad_fn=<AddBackward0>)
Accuracy =  tensor(0.0066)
Epoch =  761 / 1000
Loss =  tensor(47.5408, grad_fn=<AddBackward0>)
Accuracy =  tensor(0.0382)
Epoch =  762 / 1000
Loss =  tensor(49.6376, grad_fn=<AddBackward0>)
Accuracy =  tensor(0.1326)
Epoch =  763 / 1000
Loss =  tensor(50.1150, grad_fn=<AddBackward0>)
Accuracy =  tensor(0.1264)
Epoch =  764 / 1000
Loss =  tensor(46.5653, grad_fn=<AddBackward0>)
Accuracy =  tensor(0.0154)
Epoch =  765 / 1000
Loss =  tensor(48.0264, grad_fn=<AddBackward0>)
Accuracy =  tensor(0.0934)
Epoch =  766 / 1000
Loss =  tensor(45.1324, grad_fn=<AddBackward0>)
Accuracy =  tensor(0.0235)
Epoch =  767 / 1000
Loss =  tensor(47.7711, grad_fn=<AddBackward0>)
Accuracy =  tensor(0.1225)
Epoch =  768 / 1000
Loss =  tensor(51.3331, grad_fn=<AddBackward0>)
Accuracy =  tensor(0.1295)
Epoch =  769 / 1000
Loss =  tensor(49.7119, grad_fn=<AddBackward0>)
Accuracy =  tensor(0.1227)
Epoch =  770 / 1000
Loss =  tensor(48.4574, grad_fn=<AddBackward0>)
Accuracy =  tensor(0.0808)
Epoch =  771 / 1000
Loss =  tensor(44.8765, grad_fn=<AddBackward0>)
Accuracy =  tensor(0.0139)
Epoch =  772 / 1000
Loss =  tensor(49.4782, grad_fn=<AddBackward0>)
Accuracy =  tensor(0.0522)
Epoch =  773 / 1000
Loss =  tensor(50.2246, grad_fn=<AddBackward0>)
Accuracy =  tensor(0.0964)
Epoch =  774 / 1000
Loss =  tensor(49.8850, grad_fn=<AddBackward0>)
Accuracy =  tensor(0.1631)
Epoch =  775 / 1000
Loss =  tensor(47.5553, grad_fn=<AddBackward0>)
Accuracy =  tensor(0.0523)
Epoch =  776 / 1000
Loss =  tensor(47.2029, grad_fn=<AddBackward0>)
Accuracy =  tensor(0.0155)
Epoch =  777 / 1000
Loss =  tensor(50.8505, grad_fn=<AddBackward0>)
Accuracy =  tensor(0.1075)
Epoch =  778 / 1000
Loss =  tensor(53.5908, grad_fn=<AddBackward0>)
Accuracy =  tensor(0.1693)
Epoch =  779 / 1000
Loss =  tensor(51.4307, grad_fn=<AddBackward0>)
Accuracy =  tensor(0.1060)
Epoch =  780 / 1000
Loss =  tensor(50.2314, grad_fn=<AddBackward0>)
Accuracy =  tensor(0.1284)
Epoch =  781 / 1000
Loss =  tensor(47.8043, grad_fn=<AddBackward0>)
Accuracy =  tensor(0.0814)
Epoch =  782 / 1000
Loss =  tensor(45.5418, grad_fn=<AddBackward0>)
Accuracy =  tensor(0.0515)
Epoch =  783 / 1000
Loss =  tensor(49.5013, grad_fn=<AddBackward0>)
Accuracy =  tensor(0.1333)
Epoch =  784 / 1000
Loss =  tensor(52.0950, grad_fn=<AddBackward0>)
Accuracy =  tensor(0.0929)
Epoch =  785 / 1000
Loss =  tensor(48.4091, grad_fn=<AddBackward0>)
Accuracy =  tensor(0.0384)
Epoch =  786 / 1000
Loss =  tensor(50.2662, grad_fn=<AddBackward0>)
Accuracy =  tensor(0.1211)
Epoch =  787 / 1000
Loss =  tensor(46.7861, grad_fn=<AddBackward0>)
Accuracy =  tensor(0.0658)
Epoch =  788 / 1000
Loss =  tensor(50.5677, grad_fn=<AddBackward0>)
Accuracy =  tensor(0.1024)
Epoch =  789 / 1000
Loss =  tensor(49.2935, grad_fn=<AddBackward0>)
Accuracy =  tensor(0.1061)
Epoch =  790 / 1000
Loss =  tensor(48.9115, grad_fn=<AddBackward0>)
Accuracy =  tensor(0.0520)
Epoch =  791 / 1000
Loss =  tensor(48.2691, grad_fn=<AddBackward0>)
Accuracy =  tensor(0.0319)
Epoch =  792 / 1000
Loss =  tensor(46.3062, grad_fn=<AddBackward0>)
Accuracy =  tensor(0.0200)
Epoch =  793 / 1000
Loss =  tensor(49.9931, grad_fn=<AddBackward0>)
Accuracy =  tensor(0.0749)
Epoch =  794 / 1000
Loss =  tensor(47.5461, grad_fn=<AddBackward0>)
Accuracy =  tensor(0.0535)
Epoch =  795 / 1000
Loss =  tensor(45.2920, grad_fn=<AddBackward0>)
Accuracy =  tensor(0.0088)
Epoch =  796 / 1000
Loss =  tensor(48.3219, grad_fn=<AddBackward0>)
Accuracy =  tensor(0.1096)
Epoch =  797 / 1000
Loss =  tensor(50.6640, grad_fn=<AddBackward0>)
Accuracy =  tensor(0.1348)
Epoch =  798 / 1000
Loss =  tensor(48.3922, grad_fn=<AddBackward0>)
Accuracy =  tensor(0.0466)
Epoch =  799 / 1000
Loss =  tensor(49.6024, grad_fn=<AddBackward0>)
Accuracy =  tensor(0.0717)
Epoch =  800 / 1000
Loss =  tensor(47.9024, grad_fn=<AddBackward0>)
Accuracy =  tensor(0.0429)
Epoch =  801 / 1000
Loss =  tensor(49.2980, grad_fn=<AddBackward0>)
Accuracy =  tensor(0.0443)
Epoch =  802 / 1000
Loss =  tensor(52.2595, grad_fn=<AddBackward0>)
Accuracy =  tensor(0.1292)
Epoch =  803 / 1000
Loss =  tensor(46.6173, grad_fn=<AddBackward0>)
Accuracy =  tensor(0.1029)
Epoch =  804 / 1000
Loss =  tensor(50.7583, grad_fn=<AddBackward0>)
Accuracy =  tensor(0.1101)
Epoch =  805 / 1000
Loss =  tensor(49.2817, grad_fn=<AddBackward0>)
Accuracy =  tensor(0.1168)
Epoch =  806 / 1000
Loss =  tensor(49.3354, grad_fn=<AddBackward0>)
Accuracy =  tensor(0.0469)
Epoch =  807 / 1000
Loss =  tensor(48.4135, grad_fn=<AddBackward0>)
Accuracy =  tensor(0.0646)
Epoch =  808 / 1000
Loss =  tensor(47.3850, grad_fn=<AddBackward0>)
Accuracy =  tensor(0.0523)
Epoch =  809 / 1000
Loss =  tensor(48.5617, grad_fn=<AddBackward0>)
Accuracy =  tensor(0.0797)
Epoch =  810 / 1000
Loss =  tensor(49.4951, grad_fn=<AddBackward0>)
Accuracy =  tensor(0.0631)
Epoch =  811 / 1000
Loss =  tensor(49.9156, grad_fn=<AddBackward0>)
Accuracy =  tensor(0.1054)
Epoch =  812 / 1000
Loss =  tensor(48.8770, grad_fn=<AddBackward0>)
Accuracy =  tensor(0.0577)
Epoch =  813 / 1000
Loss =  tensor(48.2460, grad_fn=<AddBackward0>)
Accuracy =  tensor(0.0755)
Epoch =  814 / 1000
Loss =  tensor(47.7964, grad_fn=<AddBackward0>)
Accuracy =  tensor(0.0780)
Epoch =  815 / 1000
Loss =  tensor(50.7761, grad_fn=<AddBackward0>)
Accuracy =  tensor(0.1248)
Epoch =  816 / 1000
Loss =  tensor(47.6870, grad_fn=<AddBackward0>)
Accuracy =  tensor(0.0968)
Epoch =  817 / 1000
Loss =  tensor(47.6846, grad_fn=<AddBackward0>)
Accuracy =  tensor(0.0858)
Epoch =  818 / 1000
Loss =  tensor(45.9148, grad_fn=<AddBackward0>)
Accuracy =  tensor(0.5902)
Epoch =  819 / 1000
Loss =  tensor(48.2863, grad_fn=<AddBackward0>)
Accuracy =  tensor(0.1002)
Epoch =  820 / 1000
Loss =  tensor(49.4785, grad_fn=<AddBackward0>)
Accuracy =  tensor(0.1200)
Epoch =  821 / 1000
Loss =  tensor(46.0313, grad_fn=<AddBackward0>)
Accuracy =  tensor(0.0680)
Epoch =  822 / 1000
Loss =  tensor(48.0025, grad_fn=<AddBackward0>)
Accuracy =  tensor(0.0909)
Epoch =  823 / 1000
Loss =  tensor(44.3574, grad_fn=<AddBackward0>)
Accuracy =  tensor(0.5964)
Epoch =  824 / 1000
Loss =  tensor(46.5426, grad_fn=<AddBackward0>)
Accuracy =  tensor(0.0514)
Epoch =  825 / 1000
Loss =  tensor(49.9936, grad_fn=<AddBackward0>)
Accuracy =  tensor(0.0994)
Epoch =  826 / 1000
Loss =  tensor(49.8782, grad_fn=<AddBackward0>)
Accuracy =  tensor(0.1399)
Epoch =  827 / 1000
Loss =  tensor(49.8081, grad_fn=<AddBackward0>)
Accuracy =  tensor(0.1107)
Epoch =  828 / 1000
Loss =  tensor(48.2016, grad_fn=<AddBackward0>)
Accuracy =  tensor(0.0803)
Epoch =  829 / 1000
Loss =  tensor(50.5232, grad_fn=<AddBackward0>)
Accuracy =  tensor(0.0847)
Epoch =  830 / 1000
Loss =  tensor(47.3582, grad_fn=<AddBackward0>)
Accuracy =  tensor(0.0514)
Epoch =  831 / 1000
Loss =  tensor(48.6920, grad_fn=<AddBackward0>)
Accuracy =  tensor(0.0517)
Epoch =  832 / 1000
Loss =  tensor(44.6254, grad_fn=<AddBackward0>)
Accuracy =  tensor(0.5818)
Epoch =  833 / 1000
Loss =  tensor(48.3166, grad_fn=<AddBackward0>)
Accuracy =  tensor(0.0998)
Epoch =  834 / 1000
Loss =  tensor(45.3145, grad_fn=<AddBackward0>)
Accuracy =  tensor(0.0189)
Epoch =  835 / 1000
Loss =  tensor(45.2901, grad_fn=<AddBackward0>)
Accuracy =  tensor(0.6130)
Epoch =  836 / 1000
Loss =  tensor(46.7481, grad_fn=<AddBackward0>)
Accuracy =  tensor(0.0219)
Epoch =  837 / 1000
Loss =  tensor(45.6637, grad_fn=<AddBackward0>)
Accuracy =  tensor(0.0046)
Epoch =  838 / 1000
Loss =  tensor(46.5360, grad_fn=<AddBackward0>)
Accuracy =  tensor(0.0371)
Epoch =  839 / 1000
Loss =  tensor(49.0966, grad_fn=<AddBackward0>)
Accuracy =  tensor(0.0557)
Epoch =  840 / 1000
Loss =  tensor(47.6225, grad_fn=<AddBackward0>)
Accuracy =  tensor(0.1063)
Epoch =  841 / 1000
Loss =  tensor(48.4510, grad_fn=<AddBackward0>)
Accuracy =  tensor(0.0789)
Epoch =  842 / 1000
Loss =  tensor(47.6687, grad_fn=<AddBackward0>)
Accuracy =  tensor(0.1010)
Epoch =  843 / 1000
Loss =  tensor(47.9610, grad_fn=<AddBackward0>)
Accuracy =  tensor(0.1174)
Epoch =  844 / 1000
Loss =  tensor(44.6066, grad_fn=<AddBackward0>)
Accuracy =  tensor(0.0485)
Epoch =  845 / 1000
Loss =  tensor(49.3761, grad_fn=<AddBackward0>)
Accuracy =  tensor(0.0565)
Epoch =  846 / 1000
Loss =  tensor(47.2389, grad_fn=<AddBackward0>)
Accuracy =  tensor(0.0558)
Epoch =  847 / 1000
Loss =  tensor(48.7358, grad_fn=<AddBackward0>)
Accuracy =  tensor(0.1159)
Epoch =  848 / 1000
Loss =  tensor(48.0506, grad_fn=<AddBackward0>)
Accuracy =  tensor(0.0506)
Epoch =  849 / 1000
Loss =  tensor(50.2438, grad_fn=<AddBackward0>)
Accuracy =  tensor(0.1565)
Epoch =  850 / 1000
Loss =  tensor(47.2198, grad_fn=<AddBackward0>)
Accuracy =  tensor(0.0487)
Epoch =  851 / 1000
Loss =  tensor(47.4287, grad_fn=<AddBackward0>)
Accuracy =  tensor(0.0866)
Epoch =  852 / 1000
Loss =  tensor(46.4827, grad_fn=<AddBackward0>)
Accuracy =  tensor(0.1109)
Epoch =  853 / 1000
Loss =  tensor(48.1519, grad_fn=<AddBackward0>)
Accuracy =  tensor(0.1008)
Epoch =  854 / 1000
Loss =  tensor(47.1031, grad_fn=<AddBackward0>)
Accuracy =  tensor(0.0874)
Epoch =  855 / 1000
Loss =  tensor(46.3213, grad_fn=<AddBackward0>)
Accuracy =  tensor(0.1152)
Epoch =  856 / 1000
Loss =  tensor(51.7035, grad_fn=<AddBackward0>)
Accuracy =  tensor(0.1259)
Epoch =  857 / 1000
Loss =  tensor(47.2928, grad_fn=<AddBackward0>)
Accuracy =  tensor(0.1168)
Epoch =  858 / 1000
Loss =  tensor(51.2435, grad_fn=<AddBackward0>)
Accuracy =  tensor(0.1349)
Epoch =  859 / 1000
Loss =  tensor(48.3320, grad_fn=<AddBackward0>)
Accuracy =  tensor(0.0857)
Epoch =  860 / 1000
Loss =  tensor(50.2521, grad_fn=<AddBackward0>)
Accuracy =  tensor(0.1333)
Epoch =  861 / 1000
Loss =  tensor(47.8582, grad_fn=<AddBackward0>)
Accuracy =  tensor(0.0671)
Epoch =  862 / 1000
Loss =  tensor(49.5568, grad_fn=<AddBackward0>)
Accuracy =  tensor(0.1033)
Epoch =  863 / 1000
Loss =  tensor(49.1167, grad_fn=<AddBackward0>)
Accuracy =  tensor(0.0902)
Epoch =  864 / 1000
Loss =  tensor(48.1864, grad_fn=<AddBackward0>)
Accuracy =  tensor(0.0865)
Epoch =  865 / 1000
Loss =  tensor(50.7119, grad_fn=<AddBackward0>)
Accuracy =  tensor(0.0872)
Epoch =  866 / 1000
Loss =  tensor(51.3666, grad_fn=<AddBackward0>)
Accuracy =  tensor(0.1103)
Epoch =  867 / 1000
Loss =  tensor(51.3575, grad_fn=<AddBackward0>)
Accuracy =  tensor(0.1404)
Epoch =  868 / 1000
Loss =  tensor(46.8626, grad_fn=<AddBackward0>)
Accuracy =  tensor(0.0761)
Epoch =  869 / 1000
Loss =  tensor(50.1969, grad_fn=<AddBackward0>)
Accuracy =  tensor(0.0914)
Epoch =  870 / 1000
Loss =  tensor(51.3183, grad_fn=<AddBackward0>)
Accuracy =  tensor(0.1568)
Epoch =  871 / 1000
Loss =  tensor(45.4420, grad_fn=<AddBackward0>)
Accuracy =  tensor(0.0714)
Epoch =  872 / 1000
Loss =  tensor(48.5781, grad_fn=<AddBackward0>)
Accuracy =  tensor(0.0965)
Epoch =  873 / 1000
Loss =  tensor(46.1401, grad_fn=<AddBackward0>)
Accuracy =  tensor(0.0510)
Epoch =  874 / 1000
Loss =  tensor(48.8936, grad_fn=<AddBackward0>)
Accuracy =  tensor(0.0512)
Epoch =  875 / 1000
Loss =  tensor(48.2747, grad_fn=<AddBackward0>)
Accuracy =  tensor(0.5349)
Epoch =  876 / 1000
Loss =  tensor(50.9116, grad_fn=<AddBackward0>)
Accuracy =  tensor(0.1226)
Epoch =  877 / 1000
Loss =  tensor(46.3769, grad_fn=<AddBackward0>)
Accuracy =  tensor(0.0305)
Epoch =  878 / 1000
Loss =  tensor(47.7118, grad_fn=<AddBackward0>)
Accuracy =  tensor(0.0931)
Epoch =  879 / 1000
Loss =  tensor(45.7052, grad_fn=<AddBackward0>)
Accuracy =  tensor(0.0502)
Epoch =  880 / 1000
Loss =  tensor(47.9917, grad_fn=<AddBackward0>)
Accuracy =  tensor(0.0857)
Epoch =  881 / 1000
Loss =  tensor(43.3955, grad_fn=<AddBackward0>)
Accuracy =  tensor(0.6282)
Epoch =  882 / 1000
Loss =  tensor(47.8586, grad_fn=<AddBackward0>)
Accuracy =  tensor(0.0952)
Epoch =  883 / 1000
Loss =  tensor(49.4986, grad_fn=<AddBackward0>)
Accuracy =  tensor(0.1269)
Epoch =  884 / 1000
Loss =  tensor(50.7072, grad_fn=<AddBackward0>)
Accuracy =  tensor(0.1220)
Epoch =  885 / 1000
Loss =  tensor(46.9461, grad_fn=<AddBackward0>)
Accuracy =  tensor(0.0630)
Epoch =  886 / 1000
Loss =  tensor(48.2655, grad_fn=<AddBackward0>)
Accuracy =  tensor(0.0668)
Epoch =  887 / 1000
Loss =  tensor(51.7879, grad_fn=<AddBackward0>)
Accuracy =  tensor(0.1167)
Epoch =  888 / 1000
Loss =  tensor(49.1533, grad_fn=<AddBackward0>)
Accuracy =  tensor(0.0941)
Epoch =  889 / 1000
Loss =  tensor(50.4965, grad_fn=<AddBackward0>)
Accuracy =  tensor(0.0934)
Epoch =  890 / 1000
Loss =  tensor(47.8995, grad_fn=<AddBackward0>)
Accuracy =  tensor(0.0320)
Epoch =  891 / 1000
Loss =  tensor(50.0111, grad_fn=<AddBackward0>)
Accuracy =  tensor(0.1255)
Epoch =  892 / 1000
Loss =  tensor(48.4390, grad_fn=<AddBackward0>)
Accuracy =  tensor(0.1029)
Epoch =  893 / 1000
Loss =  tensor(45.7450, grad_fn=<AddBackward0>)
Accuracy =  tensor(0.0246)
Epoch =  894 / 1000
Loss =  tensor(45.8828, grad_fn=<AddBackward0>)
Accuracy =  tensor(0.0387)
Epoch =  895 / 1000
Loss =  tensor(43.9238, grad_fn=<AddBackward0>)
Accuracy =  tensor(0.6150)
Epoch =  896 / 1000
Loss =  tensor(47.0962, grad_fn=<AddBackward0>)
Accuracy =  tensor(0.0321)
Epoch =  897 / 1000
Loss =  tensor(47.2614, grad_fn=<AddBackward0>)
Accuracy =  tensor(0.0922)
Epoch =  898 / 1000
Loss =  tensor(46.7103, grad_fn=<AddBackward0>)
Accuracy =  tensor(0.0719)
Epoch =  899 / 1000
Loss =  tensor(44.0839, grad_fn=<AddBackward0>)
Accuracy =  tensor(0.0240)
Epoch =  900 / 1000
Loss =  tensor(47.4208, grad_fn=<AddBackward0>)
Accuracy =  tensor(0.1209)
Epoch =  901 / 1000
Loss =  tensor(46.3879, grad_fn=<AddBackward0>)
Accuracy =  tensor(0.0474)
Epoch =  902 / 1000
Loss =  tensor(49.8592, grad_fn=<AddBackward0>)
Accuracy =  tensor(0.1298)
Epoch =  903 / 1000
Loss =  tensor(49.9292, grad_fn=<AddBackward0>)
Accuracy =  tensor(0.0710)
Epoch =  904 / 1000
Loss =  tensor(45.8558, grad_fn=<AddBackward0>)
Accuracy =  tensor(0.0324)
Epoch =  905 / 1000
Loss =  tensor(46.7944, grad_fn=<AddBackward0>)
Accuracy =  tensor(0.1109)
Epoch =  906 / 1000
Loss =  tensor(47.5962, grad_fn=<AddBackward0>)
Accuracy =  tensor(0.1220)
Epoch =  907 / 1000
Loss =  tensor(46.9270, grad_fn=<AddBackward0>)
Accuracy =  tensor(0.0485)
Epoch =  908 / 1000
Loss =  tensor(47.4883, grad_fn=<AddBackward0>)
Accuracy =  tensor(0.1029)
Epoch =  909 / 1000
Loss =  tensor(48.3509, grad_fn=<AddBackward0>)
Accuracy =  tensor(0.1265)
Epoch =  910 / 1000
Loss =  tensor(49.2225, grad_fn=<AddBackward0>)
Accuracy =  tensor(0.1328)
Epoch =  911 / 1000
Loss =  tensor(48.7792, grad_fn=<AddBackward0>)
Accuracy =  tensor(0.1183)
Epoch =  912 / 1000
Loss =  tensor(47.8560, grad_fn=<AddBackward0>)
Accuracy =  tensor(0.0842)
Epoch =  913 / 1000
Loss =  tensor(48.8257, grad_fn=<AddBackward0>)
Accuracy =  tensor(0.1152)
Epoch =  914 / 1000
Loss =  tensor(47.8422, grad_fn=<AddBackward0>)
Accuracy =  tensor(0.1302)
Epoch =  915 / 1000
Loss =  tensor(44.7687, grad_fn=<AddBackward0>)
Accuracy =  tensor(0.0160)
Epoch =  916 / 1000
Loss =  tensor(52.4221, grad_fn=<AddBackward0>)
Accuracy =  tensor(0.1538)
Epoch =  917 / 1000
Loss =  tensor(48.7279, grad_fn=<AddBackward0>)
Accuracy =  tensor(0.0671)
Epoch =  918 / 1000
Loss =  tensor(49.9407, grad_fn=<AddBackward0>)
Accuracy =  tensor(0.1067)
Epoch =  919 / 1000
Loss =  tensor(46.0942, grad_fn=<AddBackward0>)
Accuracy =  tensor(0.0426)
Epoch =  920 / 1000
Loss =  tensor(48.9998, grad_fn=<AddBackward0>)
Accuracy =  tensor(0.1407)
Epoch =  921 / 1000
Loss =  tensor(46.8363, grad_fn=<AddBackward0>)
Accuracy =  tensor(0.0465)
Epoch =  922 / 1000
Loss =  tensor(45.7060, grad_fn=<AddBackward0>)
Accuracy =  tensor(0.0263)
Epoch =  923 / 1000
Loss =  tensor(48.8673, grad_fn=<AddBackward0>)
Accuracy =  tensor(0.0041)
Epoch =  924 / 1000
Loss =  tensor(45.5262, grad_fn=<AddBackward0>)
Accuracy =  tensor(0.0759)
Epoch =  925 / 1000
Loss =  tensor(49.6269, grad_fn=<AddBackward0>)
Accuracy =  tensor(0.1228)
Epoch =  926 / 1000
Loss =  tensor(49.8116, grad_fn=<AddBackward0>)
Accuracy =  tensor(0.1141)
Epoch =  927 / 1000
Loss =  tensor(45.4464, grad_fn=<AddBackward0>)
Accuracy =  tensor(0.)
Epoch =  928 / 1000
Loss =  tensor(50.1152, grad_fn=<AddBackward0>)
Accuracy =  tensor(0.1234)
Epoch =  929 / 1000
Loss =  tensor(50.4461, grad_fn=<AddBackward0>)
Accuracy =  tensor(0.1496)
Epoch =  930 / 1000
Loss =  tensor(47.1524, grad_fn=<AddBackward0>)
Accuracy =  tensor(0.0269)
Epoch =  931 / 1000
Loss =  tensor(47.9858, grad_fn=<AddBackward0>)
Accuracy =  tensor(0.1091)
Epoch =  932 / 1000
Loss =  tensor(49.0081, grad_fn=<AddBackward0>)
Accuracy =  tensor(0.1426)
Epoch =  933 / 1000
Loss =  tensor(46.4146, grad_fn=<AddBackward0>)
Accuracy =  tensor(0.1004)
Epoch =  934 / 1000
Loss =  tensor(49.4018, grad_fn=<AddBackward0>)
Accuracy =  tensor(0.1311)
Epoch =  935 / 1000
Loss =  tensor(48.5198, grad_fn=<AddBackward0>)
Accuracy =  tensor(0.0584)
Epoch =  936 / 1000
Loss =  tensor(52.4599, grad_fn=<AddBackward0>)
Accuracy =  tensor(0.1513)
Epoch =  937 / 1000
Loss =  tensor(46.8630, grad_fn=<AddBackward0>)
Accuracy =  tensor(0.0093)
Epoch =  938 / 1000
Loss =  tensor(47.7414, grad_fn=<AddBackward0>)
Accuracy =  tensor(0.0848)
Epoch =  939 / 1000
Loss =  tensor(49.1861, grad_fn=<AddBackward0>)
Accuracy =  tensor(0.1016)
Epoch =  940 / 1000
Loss =  tensor(47.7618, grad_fn=<AddBackward0>)
Accuracy =  tensor(0.1037)
Epoch =  941 / 1000
Loss =  tensor(48.2607, grad_fn=<AddBackward0>)
Accuracy =  tensor(0.0704)
Epoch =  942 / 1000
Loss =  tensor(48.6800, grad_fn=<AddBackward0>)
Accuracy =  tensor(0.0327)
Epoch =  943 / 1000
Loss =  tensor(44.7260, grad_fn=<AddBackward0>)
Accuracy =  tensor(0.0025)
Epoch =  944 / 1000
Loss =  tensor(48.1601, grad_fn=<AddBackward0>)
Accuracy =  tensor(0.0951)
Epoch =  945 / 1000
Loss =  tensor(52.2412, grad_fn=<AddBackward0>)
Accuracy =  tensor(0.1322)
Epoch =  946 / 1000
Loss =  tensor(46.5307, grad_fn=<AddBackward0>)
Accuracy =  tensor(0.0064)
Epoch =  947 / 1000
Loss =  tensor(46.3398, grad_fn=<AddBackward0>)
Accuracy =  tensor(0.0385)
Epoch =  948 / 1000
Loss =  tensor(49.0768, grad_fn=<AddBackward0>)
Accuracy =  tensor(0.1012)
Epoch =  949 / 1000
Loss =  tensor(47.9983, grad_fn=<AddBackward0>)
Accuracy =  tensor(0.0573)
Epoch =  950 / 1000
Loss =  tensor(45.7802, grad_fn=<AddBackward0>)
Accuracy =  tensor(0.0865)
Epoch =  951 / 1000
Loss =  tensor(47.7471, grad_fn=<AddBackward0>)
Accuracy =  tensor(0.0437)
Epoch =  952 / 1000
Loss =  tensor(46.7134, grad_fn=<AddBackward0>)
Accuracy =  tensor(0.0380)
Epoch =  953 / 1000
Loss =  tensor(48.8096, grad_fn=<AddBackward0>)
Accuracy =  tensor(0.0479)
Epoch =  954 / 1000
Loss =  tensor(49.1040, grad_fn=<AddBackward0>)
Accuracy =  tensor(0.0763)
Epoch =  955 / 1000
Loss =  tensor(47.8904, grad_fn=<AddBackward0>)
Accuracy =  tensor(0.0616)
Epoch =  956 / 1000
Loss =  tensor(50.7724, grad_fn=<AddBackward0>)
Accuracy =  tensor(0.1105)
Epoch =  957 / 1000
Loss =  tensor(49.5920, grad_fn=<AddBackward0>)
Accuracy =  tensor(0.1028)
Epoch =  958 / 1000
Loss =  tensor(46.2919, grad_fn=<AddBackward0>)
Accuracy =  tensor(0.0401)
Epoch =  959 / 1000
Loss =  tensor(48.4031, grad_fn=<AddBackward0>)
Accuracy =  tensor(0.0559)
Epoch =  960 / 1000
Loss =  tensor(47.0784, grad_fn=<AddBackward0>)
Accuracy =  tensor(0.0420)
Epoch =  961 / 1000
Loss =  tensor(48.9559, grad_fn=<AddBackward0>)
Accuracy =  tensor(0.0645)
Epoch =  962 / 1000
Loss =  tensor(47.8477, grad_fn=<AddBackward0>)
Accuracy =  tensor(0.0960)
Epoch =  963 / 1000
Loss =  tensor(48.8093, grad_fn=<AddBackward0>)
Accuracy =  tensor(0.0907)
Epoch =  964 / 1000
Loss =  tensor(51.2958, grad_fn=<AddBackward0>)
Accuracy =  tensor(0.1226)
Epoch =  965 / 1000
Loss =  tensor(50.4451, grad_fn=<AddBackward0>)
Accuracy =  tensor(0.1039)
Epoch =  966 / 1000
Loss =  tensor(46.3496, grad_fn=<AddBackward0>)
Accuracy =  tensor(0.0841)
Epoch =  967 / 1000
Loss =  tensor(47.7633, grad_fn=<AddBackward0>)
Accuracy =  tensor(0.0610)
Epoch =  968 / 1000
Loss =  tensor(47.9816, grad_fn=<AddBackward0>)
Accuracy =  tensor(0.1243)
Epoch =  969 / 1000
Loss =  tensor(45.3980, grad_fn=<AddBackward0>)
Accuracy =  tensor(0.0711)
Epoch =  970 / 1000
Loss =  tensor(46.3154, grad_fn=<AddBackward0>)
Accuracy =  tensor(0.0467)
Epoch =  971 / 1000
Loss =  tensor(46.7456, grad_fn=<AddBackward0>)
Accuracy =  tensor(0.0771)
Epoch =  972 / 1000
Loss =  tensor(47.9502, grad_fn=<AddBackward0>)
Accuracy =  tensor(0.0518)
Epoch =  973 / 1000
Loss =  tensor(46.5559, grad_fn=<AddBackward0>)
Accuracy =  tensor(0.0783)
Epoch =  974 / 1000
Loss =  tensor(47.7782, grad_fn=<AddBackward0>)
Accuracy =  tensor(0.0859)
Epoch =  975 / 1000
Loss =  tensor(51.1840, grad_fn=<AddBackward0>)
Accuracy =  tensor(0.1172)
Epoch =  976 / 1000
Loss =  tensor(43.2179, grad_fn=<AddBackward0>)
Accuracy =  tensor(0.6527)
Epoch =  977 / 1000
Loss =  tensor(47.7784, grad_fn=<AddBackward0>)
Accuracy =  tensor(0.1412)
Epoch =  978 / 1000
Loss =  tensor(44.8859, grad_fn=<AddBackward0>)
Accuracy =  tensor(0.0098)
Epoch =  979 / 1000
Loss =  tensor(51.8200, grad_fn=<AddBackward0>)
Accuracy =  tensor(0.1461)
Epoch =  980 / 1000
Loss =  tensor(47.1955, grad_fn=<AddBackward0>)
Accuracy =  tensor(0.0962)
Epoch =  981 / 1000
Loss =  tensor(48.0221, grad_fn=<AddBackward0>)
Accuracy =  tensor(0.0708)
Epoch =  982 / 1000
Loss =  tensor(48.6990, grad_fn=<AddBackward0>)
Accuracy =  tensor(0.0765)
Epoch =  983 / 1000
Loss =  tensor(46.4377, grad_fn=<AddBackward0>)
Accuracy =  tensor(0.0420)
Epoch =  984 / 1000
Loss =  tensor(46.6487, grad_fn=<AddBackward0>)
Accuracy =  tensor(0.0784)
Epoch =  985 / 1000
Loss =  tensor(44.7443, grad_fn=<AddBackward0>)
Accuracy =  tensor(0.)
Epoch =  986 / 1000
Loss =  tensor(49.8155, grad_fn=<AddBackward0>)
Accuracy =  tensor(0.1217)
Epoch =  987 / 1000
Loss =  tensor(47.2340, grad_fn=<AddBackward0>)
Accuracy =  tensor(0.0949)
Epoch =  988 / 1000
Loss =  tensor(47.3776, grad_fn=<AddBackward0>)
Accuracy =  tensor(0.1095)
Epoch =  989 / 1000
Loss =  tensor(49.5639, grad_fn=<AddBackward0>)
Accuracy =  tensor(0.1306)
Epoch =  990 / 1000
Loss =  tensor(48.1410, grad_fn=<AddBackward0>)
Accuracy =  tensor(0.0498)
Epoch =  991 / 1000
Loss =  tensor(47.5600, grad_fn=<AddBackward0>)
Accuracy =  tensor(0.0771)
Epoch =  992 / 1000
Loss =  tensor(52.3529, grad_fn=<AddBackward0>)
Accuracy =  tensor(0.1859)
Epoch =  993 / 1000
Loss =  tensor(51.5982, grad_fn=<AddBackward0>)
Accuracy =  tensor(0.1583)
Epoch =  994 / 1000
Loss =  tensor(51.0211, grad_fn=<AddBackward0>)
Accuracy =  tensor(0.1284)
Epoch =  995 / 1000
Loss =  tensor(50.2332, grad_fn=<AddBackward0>)
Accuracy =  tensor(0.1065)
Epoch =  996 / 1000
Loss =  tensor(49.0232, grad_fn=<AddBackward0>)
Accuracy =  tensor(0.1391)
Epoch =  997 / 1000
Loss =  tensor(50.6855, grad_fn=<AddBackward0>)
Accuracy =  tensor(0.1395)
Epoch =  998 / 1000
Loss =  tensor(47.3523, grad_fn=<AddBackward0>)
Accuracy =  tensor(0.0478)
Epoch =  999 / 1000
Loss =  tensor(47.3306, grad_fn=<AddBackward0>)
Accuracy =  tensor(0.0325)
Device =  cuda
Epoch =  0 / 100
Loss =  12709.198622643948
Epoch =  1 / 100
Loss =  12489.502263605595
Epoch =  2 / 100
Loss =  12418.723135828972
Epoch =  3 / 100
Loss =  12389.385619938374
Epoch =  4 / 100
Loss =  12373.803698599339
Epoch =  5 / 100
Loss =  12371.856059074402
Epoch =  6 / 100
Loss =  12366.320147037506
Epoch =  7 / 100
Loss =  12361.758863151073
Epoch =  8 / 100
Loss =  12346.21233433485
Epoch =  9 / 100
Loss =  12347.52176886797
Epoch =  10 / 100
Loss =  12343.852313518524
Epoch =  11 / 100
Loss =  12338.661072850227
Epoch =  12 / 100
Loss =  12337.893695652485
Epoch =  13 / 100
Loss =  12348.443688094616
Epoch =  14 / 100
Loss =  12344.940860807896
Epoch =  15 / 100
Loss =  12337.847490429878
Epoch =  16 / 100
Loss =  12332.14576858282
Epoch =  17 / 100
Loss =  12338.148912966251
Epoch =  18 / 100
Loss =  12339.434983432293
Epoch =  19 / 100
Loss =  12340.608050107956
Epoch =  20 / 100
Loss =  12337.25356811285
Epoch =  21 / 100
Loss =  12332.142840564251
Epoch =  22 / 100
Loss =  12331.609008014202
Epoch =  23 / 100
Loss =  12323.625550448895
Epoch =  24 / 100
Loss =  12318.134747982025
Epoch =  25 / 100
Loss =  12324.14183229208
Epoch =  26 / 100
Loss =  12324.294038116932
Epoch =  27 / 100
Loss =  12332.711713671684
Epoch =  28 / 100
Loss =  12335.38041037321
Epoch =  29 / 100
Loss =  12336.360654711723
Epoch =  30 / 100
Loss =  12332.817826271057
Epoch =  31 / 100
Loss =  12331.850457787514
Epoch =  32 / 100
Loss =  12336.824075043201
Epoch =  33 / 100
Loss =  12337.503440797329
Epoch =  34 / 100
Loss =  12343.273227036
Epoch =  35 / 100
Loss =  12350.203497171402
Epoch =  36 / 100
Loss =  12346.782248675823
Epoch =  37 / 100
Loss =  12348.046938598156
Epoch =  38 / 100
Loss =  12357.908330261707
Epoch =  39 / 100
Loss =  12359.844618916512
Epoch =  40 / 100
Loss =  12349.92317199707
Epoch =  41 / 100
Loss =  12346.091518759727
Epoch =  42 / 100
Loss =  12344.813382983208
Epoch =  43 / 100
Loss =  12347.305801987648
Epoch =  44 / 100
Loss =  12344.81278538704
Epoch =  45 / 100
Loss =  12355.58577567339
Epoch =  46 / 100
Loss =  12348.572094619274
Epoch =  47 / 100
Loss =  12349.796997368336
Epoch =  48 / 100
Loss =  12352.760872840881
Epoch =  49 / 100
Loss =  12359.251350581646
Epoch =  50 / 100
Loss =  12359.995029270649
Epoch =  51 / 100
Loss =  12358.32640838623
Epoch =  52 / 100
Loss =  12351.849543571472
Epoch =  53 / 100
Loss =  12347.230564594269
Epoch =  54 / 100
Loss =  12346.034249484539
Epoch =  55 / 100
Loss =  12346.069722235203
Epoch =  56 / 100
Loss =  12345.454504191875
Epoch =  57 / 100
Loss =  12356.498042166233
Epoch =  58 / 100
Loss =  12356.948939144611
Epoch =  59 / 100
Loss =  12359.704530656338
Epoch =  60 / 100
Loss =  12355.412979722023
Epoch =  61 / 100
Loss =  12356.763534128666
Epoch =  62 / 100
Loss =  12360.033934473991
Epoch =  63 / 100
Loss =  12364.513358175755
Epoch =  64 / 100
Loss =  12364.56836616993
Epoch =  65 / 100
Loss =  12362.530750632286
Epoch =  66 / 100
Loss =  12361.543106079102
Epoch =  67 / 100
Loss =  12354.775597393513
Epoch =  68 / 100
Loss =  12358.907922565937
Epoch =  69 / 100
Loss =  12360.303682744503
Epoch =  70 / 100
Loss =  12360.720350205898
Epoch =  71 / 100
Loss =  12355.288457274437
Epoch =  72 / 100
Loss =  12351.712107658386
Epoch =  73 / 100
Loss =  12363.052190303802
Epoch =  74 / 100
Loss =  12363.851719141006
Epoch =  75 / 100
Loss =  12370.429655373096
Epoch =  76 / 100
Loss =  12374.193926393986
Epoch =  77 / 100
Loss =  12368.695483744144
Epoch =  78 / 100
Loss =  12366.650483548641
Epoch =  79 / 100
Loss =  12373.896802425385
Epoch =  80 / 100
Loss =  12371.712747693062
Epoch =  81 / 100
Loss =  12370.222280740738
Epoch =  82 / 100
Loss =  12369.365832269192
Epoch =  83 / 100
Loss =  12362.62875187397
Epoch =  84 / 100
Loss =  12371.060473203659
Epoch =  85 / 100
Loss =  12375.435431718826
Epoch =  86 / 100
Loss =  12380.757482588291
Epoch =  87 / 100
Loss =  12379.722910284996
Epoch =  88 / 100
Loss =  12378.135949373245
Epoch =  89 / 100
Loss =  12380.114634931087
Epoch =  90 / 100
Loss =  12380.59731143713
Epoch =  91 / 100
Loss =  12371.737405359745
Epoch =  92 / 100
Loss =  12371.120039999485
Epoch =  93 / 100
Loss =  12374.646663546562
Epoch =  94 / 100
Loss =  12374.193518519402
Epoch =  95 / 100
Loss =  12368.671703398228
Epoch =  96 / 100
Loss =  12379.096964478493
Epoch =  97 / 100
Loss =  12379.994049191475
Epoch =  98 / 100
Loss =  12373.431701779366
Epoch =  99 / 100
Loss =  12376.349713623524
